Calling target program-options parser
[04:53:24.788] [bmv2] [D] [thread 40582] Set default default entry for table 'MyIngress.ipv4_lpm': NoAction - 
[04:53:24.789] [bmv2] [D] [thread 40582] Set default default entry for table 'tbl_mark_ecn': MyEgress.mark_ecn - 
Adding interface s3-eth1 as port 1
[04:53:24.789] [bmv2] [D] [thread 40582] Adding interface s3-eth1 as port 1
Adding interface s3-eth2 as port 2
[04:53:24.817] [bmv2] [D] [thread 40582] Adding interface s3-eth2 as port 2
Adding interface s3-eth3 as port 3
[04:53:24.849] [bmv2] [D] [thread 40582] Adding interface s3-eth3 as port 3
Server listening on 0.0.0.0:50053
[04:53:24.883] [bmv2] [I] [thread 40582] Starting Thrift server on port 9092
[04:53:24.885] [bmv2] [I] [thread 40582] Thrift server was started
[04:53:25.013] [bmv2] [D] [thread 40592] [0.0] [cxt 0] Processing packet received on port 2
[04:53:25.013] [bmv2] [D] [thread 40592] [0.0] [cxt 0] Parser 'parser': start
[04:53:25.013] [bmv2] [D] [thread 40592] [0.0] [cxt 0] Parser 'parser' entering state 'start'
[04:53:25.013] [bmv2] [D] [thread 40592] [0.0] [cxt 0] Extracting header 'ethernet'
[04:53:25.013] [bmv2] [D] [thread 40592] [0.0] [cxt 0] Parser state 'start': key is 86dd
[04:53:25.013] [bmv2] [T] [thread 40592] [0.0] [cxt 0] Bytes parsed: 14
[04:53:25.013] [bmv2] [D] [thread 40592] [0.0] [cxt 0] Parser 'parser': end
[04:53:25.013] [bmv2] [D] [thread 40592] [0.0] [cxt 0] Pipeline 'ingress': start
[04:53:25.013] [bmv2] [T] [thread 40592] [0.0] [cxt 0] ecn.p4(133) Condition "hdr.ipv4.isValid()" (node_2) is false
[04:53:25.013] [bmv2] [D] [thread 40592] [0.0] [cxt 0] Pipeline 'ingress': end
[04:53:25.013] [bmv2] [D] [thread 40592] [0.0] [cxt 0] Egress port is 0
[04:53:25.013] [bmv2] [D] [thread 40593] [0.0] [cxt 0] Pipeline 'egress': start
[04:53:25.013] [bmv2] [T] [thread 40593] [0.0] [cxt 0] ecn.p4(150) Condition "hdr.ipv4.ecn == 1 || hdr.ipv4.ecn == 2" (node_6) is false
[04:53:25.013] [bmv2] [D] [thread 40593] [0.0] [cxt 0] Pipeline 'egress': end
[04:53:25.013] [bmv2] [D] [thread 40593] [0.0] [cxt 0] Deparser 'deparser': start
[04:53:25.013] [bmv2] [T] [thread 40593] [0.0] [cxt 0] Skipping checksum 'cksum' update because condition not met
[04:53:25.013] [bmv2] [D] [thread 40593] [0.0] [cxt 0] Deparsing header 'ethernet'
[04:53:25.013] [bmv2] [D] [thread 40593] [0.0] [cxt 0] Deparser 'deparser': end
[04:53:25.013] [bmv2] [D] [thread 40592] [1.0] [cxt 0] Processing packet received on port 2
[04:53:25.013] [bmv2] [D] [thread 40592] [1.0] [cxt 0] Parser 'parser': start
[04:53:25.013] [bmv2] [D] [thread 40592] [1.0] [cxt 0] Parser 'parser' entering state 'start'
[04:53:25.013] [bmv2] [D] [thread 40592] [1.0] [cxt 0] Extracting header 'ethernet'
[04:53:25.013] [bmv2] [D] [thread 40592] [1.0] [cxt 0] Parser state 'start': key is 86dd
[04:53:25.013] [bmv2] [T] [thread 40592] [1.0] [cxt 0] Bytes parsed: 14
[04:53:25.013] [bmv2] [D] [thread 40592] [1.0] [cxt 0] Parser 'parser': end
[04:53:25.013] [bmv2] [D] [thread 40592] [1.0] [cxt 0] Pipeline 'ingress': start
[04:53:25.013] [bmv2] [T] [thread 40592] [1.0] [cxt 0] ecn.p4(133) Condition "hdr.ipv4.isValid()" (node_2) is false
[04:53:25.013] [bmv2] [D] [thread 40592] [1.0] [cxt 0] Pipeline 'ingress': end
[04:53:25.013] [bmv2] [D] [thread 40592] [1.0] [cxt 0] Egress port is 0
[04:53:25.013] [bmv2] [D] [thread 40593] [1.0] [cxt 0] Pipeline 'egress': start
[04:53:25.013] [bmv2] [T] [thread 40593] [1.0] [cxt 0] ecn.p4(150) Condition "hdr.ipv4.ecn == 1 || hdr.ipv4.ecn == 2" (node_6) is false
[04:53:25.013] [bmv2] [D] [thread 40593] [1.0] [cxt 0] Pipeline 'egress': end
[04:53:25.013] [bmv2] [D] [thread 40593] [1.0] [cxt 0] Deparser 'deparser': start
[04:53:25.013] [bmv2] [T] [thread 40593] [1.0] [cxt 0] Skipping checksum 'cksum' update because condition not met
[04:53:25.013] [bmv2] [D] [thread 40593] [1.0] [cxt 0] Deparsing header 'ethernet'
[04:53:25.013] [bmv2] [D] [thread 40593] [1.0] [cxt 0] Deparser 'deparser': end
[04:53:25.014] [bmv2] [D] [thread 40597] [0.0] [cxt 0] Transmitting packet of size 90 out of port 0
[04:53:25.014] [bmv2] [D] [thread 40597] [1.0] [cxt 0] Transmitting packet of size 70 out of port 0
[04:53:25.197] [bmv2] [D] [thread 40592] [2.0] [cxt 0] Processing packet received on port 1
[04:53:25.197] [bmv2] [D] [thread 40592] [2.0] [cxt 0] Parser 'parser': start
[04:53:25.197] [bmv2] [D] [thread 40592] [2.0] [cxt 0] Parser 'parser' entering state 'start'
[04:53:25.197] [bmv2] [D] [thread 40592] [2.0] [cxt 0] Extracting header 'ethernet'
[04:53:25.197] [bmv2] [D] [thread 40592] [2.0] [cxt 0] Parser state 'start': key is 86dd
[04:53:25.197] [bmv2] [T] [thread 40592] [2.0] [cxt 0] Bytes parsed: 14
[04:53:25.197] [bmv2] [D] [thread 40592] [2.0] [cxt 0] Parser 'parser': end
[04:53:25.197] [bmv2] [D] [thread 40592] [2.0] [cxt 0] Pipeline 'ingress': start
[04:53:25.197] [bmv2] [T] [thread 40592] [2.0] [cxt 0] ecn.p4(133) Condition "hdr.ipv4.isValid()" (node_2) is false
[04:53:25.197] [bmv2] [D] [thread 40592] [2.0] [cxt 0] Pipeline 'ingress': end
[04:53:25.197] [bmv2] [D] [thread 40592] [2.0] [cxt 0] Egress port is 0
[04:53:25.197] [bmv2] [D] [thread 40593] [2.0] [cxt 0] Pipeline 'egress': start
[04:53:25.197] [bmv2] [T] [thread 40593] [2.0] [cxt 0] ecn.p4(150) Condition "hdr.ipv4.ecn == 1 || hdr.ipv4.ecn == 2" (node_6) is false
[04:53:25.197] [bmv2] [D] [thread 40593] [2.0] [cxt 0] Pipeline 'egress': end
[04:53:25.197] [bmv2] [D] [thread 40593] [2.0] [cxt 0] Deparser 'deparser': start
[04:53:25.197] [bmv2] [T] [thread 40593] [2.0] [cxt 0] Skipping checksum 'cksum' update because condition not met
[04:53:25.197] [bmv2] [D] [thread 40593] [2.0] [cxt 0] Deparsing header 'ethernet'
[04:53:25.197] [bmv2] [D] [thread 40593] [2.0] [cxt 0] Deparser 'deparser': end
[04:53:25.197] [bmv2] [D] [thread 40597] [2.0] [cxt 0] Transmitting packet of size 90 out of port 0
[04:53:25.272] [bmv2] [D] [thread 40592] [3.0] [cxt 0] Processing packet received on port 3
[04:53:25.273] [bmv2] [D] [thread 40592] [3.0] [cxt 0] Parser 'parser': start
[04:53:25.273] [bmv2] [D] [thread 40592] [3.0] [cxt 0] Parser 'parser' entering state 'start'
[04:53:25.273] [bmv2] [D] [thread 40592] [3.0] [cxt 0] Extracting header 'ethernet'
[04:53:25.273] [bmv2] [D] [thread 40592] [3.0] [cxt 0] Parser state 'start': key is 86dd
[04:53:25.273] [bmv2] [T] [thread 40592] [3.0] [cxt 0] Bytes parsed: 14
[04:53:25.273] [bmv2] [D] [thread 40592] [3.0] [cxt 0] Parser 'parser': end
[04:53:25.273] [bmv2] [D] [thread 40592] [3.0] [cxt 0] Pipeline 'ingress': start
[04:53:25.273] [bmv2] [T] [thread 40592] [3.0] [cxt 0] ecn.p4(133) Condition "hdr.ipv4.isValid()" (node_2) is false
[04:53:25.273] [bmv2] [D] [thread 40592] [3.0] [cxt 0] Pipeline 'ingress': end
[04:53:25.273] [bmv2] [D] [thread 40592] [3.0] [cxt 0] Egress port is 0
[04:53:25.276] [bmv2] [D] [thread 40593] [3.0] [cxt 0] Pipeline 'egress': start
[04:53:25.276] [bmv2] [T] [thread 40593] [3.0] [cxt 0] ecn.p4(150) Condition "hdr.ipv4.ecn == 1 || hdr.ipv4.ecn == 2" (node_6) is false
[04:53:25.276] [bmv2] [D] [thread 40593] [3.0] [cxt 0] Pipeline 'egress': end
[04:53:25.276] [bmv2] [D] [thread 40593] [3.0] [cxt 0] Deparser 'deparser': start
[04:53:25.276] [bmv2] [T] [thread 40593] [3.0] [cxt 0] Skipping checksum 'cksum' update because condition not met
[04:53:25.276] [bmv2] [D] [thread 40593] [3.0] [cxt 0] Deparsing header 'ethernet'
[04:53:25.276] [bmv2] [D] [thread 40593] [3.0] [cxt 0] Deparser 'deparser': end
[04:53:25.276] [bmv2] [D] [thread 40592] [4.0] [cxt 0] Processing packet received on port 3
[04:53:25.276] [bmv2] [D] [thread 40592] [4.0] [cxt 0] Parser 'parser': start
[04:53:25.276] [bmv2] [D] [thread 40592] [4.0] [cxt 0] Parser 'parser' entering state 'start'
[04:53:25.276] [bmv2] [D] [thread 40592] [4.0] [cxt 0] Extracting header 'ethernet'
[04:53:25.276] [bmv2] [D] [thread 40592] [4.0] [cxt 0] Parser state 'start': key is 86dd
[04:53:25.276] [bmv2] [T] [thread 40592] [4.0] [cxt 0] Bytes parsed: 14
[04:53:25.276] [bmv2] [D] [thread 40592] [4.0] [cxt 0] Parser 'parser': end
[04:53:25.276] [bmv2] [D] [thread 40592] [4.0] [cxt 0] Pipeline 'ingress': start
[04:53:25.276] [bmv2] [T] [thread 40592] [4.0] [cxt 0] ecn.p4(133) Condition "hdr.ipv4.isValid()" (node_2) is false
[04:53:25.276] [bmv2] [D] [thread 40592] [4.0] [cxt 0] Pipeline 'ingress': end
[04:53:25.276] [bmv2] [D] [thread 40592] [4.0] [cxt 0] Egress port is 0
[04:53:25.276] [bmv2] [D] [thread 40593] [4.0] [cxt 0] Pipeline 'egress': start
[04:53:25.276] [bmv2] [T] [thread 40593] [4.0] [cxt 0] ecn.p4(150) Condition "hdr.ipv4.ecn == 1 || hdr.ipv4.ecn == 2" (node_6) is false
[04:53:25.276] [bmv2] [D] [thread 40593] [4.0] [cxt 0] Pipeline 'egress': end
[04:53:25.276] [bmv2] [D] [thread 40593] [4.0] [cxt 0] Deparser 'deparser': start
[04:53:25.276] [bmv2] [T] [thread 40593] [4.0] [cxt 0] Skipping checksum 'cksum' update because condition not met
[04:53:25.276] [bmv2] [D] [thread 40593] [4.0] [cxt 0] Deparsing header 'ethernet'
[04:53:25.276] [bmv2] [D] [thread 40593] [4.0] [cxt 0] Deparser 'deparser': end
[04:53:25.276] [bmv2] [D] [thread 40597] [3.0] [cxt 0] Transmitting packet of size 90 out of port 0
[04:53:25.276] [bmv2] [D] [thread 40597] [4.0] [cxt 0] Transmitting packet of size 70 out of port 0
[04:53:25.298] [bmv2] [D] [thread 40592] [5.0] [cxt 0] Processing packet received on port 3
[04:53:25.298] [bmv2] [D] [thread 40592] [5.0] [cxt 0] Parser 'parser': start
[04:53:25.298] [bmv2] [D] [thread 40592] [5.0] [cxt 0] Parser 'parser' entering state 'start'
[04:53:25.298] [bmv2] [D] [thread 40592] [5.0] [cxt 0] Extracting header 'ethernet'
[04:53:25.298] [bmv2] [D] [thread 40592] [5.0] [cxt 0] Parser state 'start': key is 86dd
[04:53:25.298] [bmv2] [T] [thread 40592] [5.0] [cxt 0] Bytes parsed: 14
[04:53:25.298] [bmv2] [D] [thread 40592] [5.0] [cxt 0] Parser 'parser': end
[04:53:25.298] [bmv2] [D] [thread 40592] [5.0] [cxt 0] Pipeline 'ingress': start
[04:53:25.298] [bmv2] [T] [thread 40592] [5.0] [cxt 0] ecn.p4(133) Condition "hdr.ipv4.isValid()" (node_2) is false
[04:53:25.298] [bmv2] [D] [thread 40592] [5.0] [cxt 0] Pipeline 'ingress': end
[04:53:25.298] [bmv2] [D] [thread 40592] [5.0] [cxt 0] Egress port is 0
[04:53:25.298] [bmv2] [D] [thread 40593] [5.0] [cxt 0] Pipeline 'egress': start
[04:53:25.298] [bmv2] [T] [thread 40593] [5.0] [cxt 0] ecn.p4(150) Condition "hdr.ipv4.ecn == 1 || hdr.ipv4.ecn == 2" (node_6) is false
[04:53:25.298] [bmv2] [D] [thread 40593] [5.0] [cxt 0] Pipeline 'egress': end
[04:53:25.298] [bmv2] [D] [thread 40593] [5.0] [cxt 0] Deparser 'deparser': start
[04:53:25.298] [bmv2] [T] [thread 40593] [5.0] [cxt 0] Skipping checksum 'cksum' update because condition not met
[04:53:25.298] [bmv2] [D] [thread 40593] [5.0] [cxt 0] Deparsing header 'ethernet'
[04:53:25.298] [bmv2] [D] [thread 40593] [5.0] [cxt 0] Deparser 'deparser': end
[04:53:25.298] [bmv2] [D] [thread 40592] [6.0] [cxt 0] Processing packet received on port 3
[04:53:25.298] [bmv2] [D] [thread 40592] [6.0] [cxt 0] Parser 'parser': start
[04:53:25.298] [bmv2] [D] [thread 40592] [6.0] [cxt 0] Parser 'parser' entering state 'start'
[04:53:25.298] [bmv2] [D] [thread 40592] [6.0] [cxt 0] Extracting header 'ethernet'
[04:53:25.298] [bmv2] [D] [thread 40592] [6.0] [cxt 0] Parser state 'start': key is 86dd
[04:53:25.298] [bmv2] [T] [thread 40592] [6.0] [cxt 0] Bytes parsed: 14
[04:53:25.298] [bmv2] [D] [thread 40592] [6.0] [cxt 0] Parser 'parser': end
[04:53:25.298] [bmv2] [D] [thread 40592] [6.0] [cxt 0] Pipeline 'ingress': start
[04:53:25.298] [bmv2] [T] [thread 40592] [6.0] [cxt 0] ecn.p4(133) Condition "hdr.ipv4.isValid()" (node_2) is false
[04:53:25.298] [bmv2] [D] [thread 40592] [6.0] [cxt 0] Pipeline 'ingress': end
[04:53:25.298] [bmv2] [D] [thread 40592] [6.0] [cxt 0] Egress port is 0
[04:53:25.298] [bmv2] [D] [thread 40593] [6.0] [cxt 0] Pipeline 'egress': start
[04:53:25.298] [bmv2] [T] [thread 40593] [6.0] [cxt 0] ecn.p4(150) Condition "hdr.ipv4.ecn == 1 || hdr.ipv4.ecn == 2" (node_6) is false
[04:53:25.298] [bmv2] [D] [thread 40593] [6.0] [cxt 0] Pipeline 'egress': end
[04:53:25.298] [bmv2] [D] [thread 40593] [6.0] [cxt 0] Deparser 'deparser': start
[04:53:25.298] [bmv2] [T] [thread 40593] [6.0] [cxt 0] Skipping checksum 'cksum' update because condition not met
[04:53:25.298] [bmv2] [D] [thread 40593] [6.0] [cxt 0] Deparsing header 'ethernet'
[04:53:25.298] [bmv2] [D] [thread 40593] [6.0] [cxt 0] Deparser 'deparser': end
[04:53:25.298] [bmv2] [D] [thread 40597] [5.0] [cxt 0] Transmitting packet of size 90 out of port 0
[04:53:25.298] [bmv2] [D] [thread 40597] [6.0] [cxt 0] Transmitting packet of size 70 out of port 0
[04:53:25.423] [bmv2] [D] [thread 40592] [7.0] [cxt 0] Processing packet received on port 3
[04:53:25.423] [bmv2] [D] [thread 40592] [7.0] [cxt 0] Parser 'parser': start
[04:53:25.423] [bmv2] [D] [thread 40592] [7.0] [cxt 0] Parser 'parser' entering state 'start'
[04:53:25.423] [bmv2] [D] [thread 40592] [7.0] [cxt 0] Extracting header 'ethernet'
[04:53:25.423] [bmv2] [D] [thread 40592] [7.0] [cxt 0] Parser state 'start': key is 86dd
[04:53:25.423] [bmv2] [T] [thread 40592] [7.0] [cxt 0] Bytes parsed: 14
[04:53:25.423] [bmv2] [D] [thread 40592] [7.0] [cxt 0] Parser 'parser': end
[04:53:25.423] [bmv2] [D] [thread 40592] [7.0] [cxt 0] Pipeline 'ingress': start
[04:53:25.423] [bmv2] [T] [thread 40592] [7.0] [cxt 0] ecn.p4(133) Condition "hdr.ipv4.isValid()" (node_2) is false
[04:53:25.423] [bmv2] [D] [thread 40592] [7.0] [cxt 0] Pipeline 'ingress': end
[04:53:25.423] [bmv2] [D] [thread 40592] [7.0] [cxt 0] Egress port is 0
[04:53:25.423] [bmv2] [D] [thread 40593] [7.0] [cxt 0] Pipeline 'egress': start
[04:53:25.423] [bmv2] [T] [thread 40593] [7.0] [cxt 0] ecn.p4(150) Condition "hdr.ipv4.ecn == 1 || hdr.ipv4.ecn == 2" (node_6) is false
[04:53:25.423] [bmv2] [D] [thread 40593] [7.0] [cxt 0] Pipeline 'egress': end
[04:53:25.423] [bmv2] [D] [thread 40593] [7.0] [cxt 0] Deparser 'deparser': start
[04:53:25.423] [bmv2] [T] [thread 40593] [7.0] [cxt 0] Skipping checksum 'cksum' update because condition not met
[04:53:25.423] [bmv2] [D] [thread 40593] [7.0] [cxt 0] Deparsing header 'ethernet'
[04:53:25.423] [bmv2] [D] [thread 40593] [7.0] [cxt 0] Deparser 'deparser': end
[04:53:25.423] [bmv2] [D] [thread 40597] [7.0] [cxt 0] Transmitting packet of size 90 out of port 0
[04:53:25.450] [bmv2] [D] [thread 40592] [8.0] [cxt 0] Processing packet received on port 2
[04:53:25.450] [bmv2] [D] [thread 40592] [8.0] [cxt 0] Parser 'parser': start
[04:53:25.450] [bmv2] [D] [thread 40592] [8.0] [cxt 0] Parser 'parser' entering state 'start'
[04:53:25.450] [bmv2] [D] [thread 40592] [8.0] [cxt 0] Extracting header 'ethernet'
[04:53:25.450] [bmv2] [D] [thread 40592] [8.0] [cxt 0] Parser state 'start': key is 86dd
[04:53:25.450] [bmv2] [T] [thread 40592] [8.0] [cxt 0] Bytes parsed: 14
[04:53:25.450] [bmv2] [D] [thread 40592] [8.0] [cxt 0] Parser 'parser': end
[04:53:25.451] [bmv2] [D] [thread 40592] [8.0] [cxt 0] Pipeline 'ingress': start
[04:53:25.451] [bmv2] [T] [thread 40592] [8.0] [cxt 0] ecn.p4(133) Condition "hdr.ipv4.isValid()" (node_2) is false
[04:53:25.451] [bmv2] [D] [thread 40592] [8.0] [cxt 0] Pipeline 'ingress': end
[04:53:25.451] [bmv2] [D] [thread 40592] [8.0] [cxt 0] Egress port is 0
[04:53:25.451] [bmv2] [D] [thread 40593] [8.0] [cxt 0] Pipeline 'egress': start
[04:53:25.451] [bmv2] [T] [thread 40593] [8.0] [cxt 0] ecn.p4(150) Condition "hdr.ipv4.ecn == 1 || hdr.ipv4.ecn == 2" (node_6) is false
[04:53:25.451] [bmv2] [D] [thread 40593] [8.0] [cxt 0] Pipeline 'egress': end
[04:53:25.451] [bmv2] [D] [thread 40593] [8.0] [cxt 0] Deparser 'deparser': start
[04:53:25.451] [bmv2] [T] [thread 40593] [8.0] [cxt 0] Skipping checksum 'cksum' update because condition not met
[04:53:25.451] [bmv2] [D] [thread 40593] [8.0] [cxt 0] Deparsing header 'ethernet'
[04:53:25.451] [bmv2] [D] [thread 40593] [8.0] [cxt 0] Deparser 'deparser': end
[04:53:25.451] [bmv2] [D] [thread 40597] [8.0] [cxt 0] Transmitting packet of size 90 out of port 0
[04:53:25.643] [bmv2] [D] [thread 40592] [9.0] [cxt 0] Processing packet received on port 2
[04:53:25.643] [bmv2] [D] [thread 40592] [9.0] [cxt 0] Parser 'parser': start
[04:53:25.643] [bmv2] [D] [thread 40592] [9.0] [cxt 0] Parser 'parser' entering state 'start'
[04:53:25.643] [bmv2] [D] [thread 40592] [9.0] [cxt 0] Extracting header 'ethernet'
[04:53:25.643] [bmv2] [D] [thread 40592] [9.0] [cxt 0] Parser state 'start': key is 86dd
[04:53:25.643] [bmv2] [T] [thread 40592] [9.0] [cxt 0] Bytes parsed: 14
[04:53:25.643] [bmv2] [D] [thread 40592] [9.0] [cxt 0] Parser 'parser': end
[04:53:25.643] [bmv2] [D] [thread 40592] [9.0] [cxt 0] Pipeline 'ingress': start
[04:53:25.643] [bmv2] [T] [thread 40592] [9.0] [cxt 0] ecn.p4(133) Condition "hdr.ipv4.isValid()" (node_2) is false
[04:53:25.643] [bmv2] [D] [thread 40592] [9.0] [cxt 0] Pipeline 'ingress': end
[04:53:25.643] [bmv2] [D] [thread 40592] [9.0] [cxt 0] Egress port is 0
[04:53:25.643] [bmv2] [D] [thread 40593] [9.0] [cxt 0] Pipeline 'egress': start
[04:53:25.644] [bmv2] [T] [thread 40593] [9.0] [cxt 0] ecn.p4(150) Condition "hdr.ipv4.ecn == 1 || hdr.ipv4.ecn == 2" (node_6) is false
[04:53:25.644] [bmv2] [D] [thread 40593] [9.0] [cxt 0] Pipeline 'egress': end
[04:53:25.644] [bmv2] [D] [thread 40593] [9.0] [cxt 0] Deparser 'deparser': start
[04:53:25.644] [bmv2] [T] [thread 40593] [9.0] [cxt 0] Skipping checksum 'cksum' update because condition not met
[04:53:25.644] [bmv2] [D] [thread 40593] [9.0] [cxt 0] Deparsing header 'ethernet'
[04:53:25.644] [bmv2] [D] [thread 40593] [9.0] [cxt 0] Deparser 'deparser': end
[04:53:25.644] [bmv2] [D] [thread 40597] [9.0] [cxt 0] Transmitting packet of size 90 out of port 0
[04:53:25.837] [bmv2] [D] [thread 40592] [10.0] [cxt 0] Processing packet received on port 3
[04:53:25.837] [bmv2] [D] [thread 40592] [10.0] [cxt 0] Parser 'parser': start
[04:53:25.837] [bmv2] [D] [thread 40592] [10.0] [cxt 0] Parser 'parser' entering state 'start'
[04:53:25.837] [bmv2] [D] [thread 40592] [10.0] [cxt 0] Extracting header 'ethernet'
[04:53:25.837] [bmv2] [D] [thread 40592] [10.0] [cxt 0] Parser state 'start': key is 86dd
[04:53:25.837] [bmv2] [T] [thread 40592] [10.0] [cxt 0] Bytes parsed: 14
[04:53:25.837] [bmv2] [D] [thread 40592] [10.0] [cxt 0] Parser 'parser': end
[04:53:25.837] [bmv2] [D] [thread 40592] [10.0] [cxt 0] Pipeline 'ingress': start
[04:53:25.837] [bmv2] [T] [thread 40592] [10.0] [cxt 0] ecn.p4(133) Condition "hdr.ipv4.isValid()" (node_2) is false
[04:53:25.837] [bmv2] [D] [thread 40592] [10.0] [cxt 0] Pipeline 'ingress': end
[04:53:25.837] [bmv2] [D] [thread 40592] [10.0] [cxt 0] Egress port is 0
[04:53:25.837] [bmv2] [D] [thread 40593] [10.0] [cxt 0] Pipeline 'egress': start
[04:53:25.837] [bmv2] [T] [thread 40593] [10.0] [cxt 0] ecn.p4(150) Condition "hdr.ipv4.ecn == 1 || hdr.ipv4.ecn == 2" (node_6) is false
[04:53:25.838] [bmv2] [D] [thread 40593] [10.0] [cxt 0] Pipeline 'egress': end
[04:53:25.838] [bmv2] [D] [thread 40593] [10.0] [cxt 0] Deparser 'deparser': start
[04:53:25.838] [bmv2] [T] [thread 40593] [10.0] [cxt 0] Skipping checksum 'cksum' update because condition not met
[04:53:25.838] [bmv2] [D] [thread 40593] [10.0] [cxt 0] Deparsing header 'ethernet'
[04:53:25.838] [bmv2] [D] [thread 40593] [10.0] [cxt 0] Deparser 'deparser': end
[04:53:25.838] [bmv2] [D] [thread 40597] [10.0] [cxt 0] Transmitting packet of size 90 out of port 0
[04:53:26.349] [bmv2] [W] [thread 40633] [P4Runtime] p4::tmp::P4DeviceConfig is deprecated
[04:53:26.349] [bmv2] [D] [thread 40633] Set default default entry for table 'MyIngress.ipv4_lpm': NoAction - 
[04:53:26.349] [bmv2] [D] [thread 40633] Set default default entry for table 'tbl_mark_ecn': MyEgress.mark_ecn - 
[04:53:26.350] [bmv2] [D] [thread 40633] simple_switch target has been notified of a config swap
[04:53:26.350] [bmv2] [D] [thread 40634] Entry 0 added to table 'MyIngress.ipv4_lpm'
[04:53:26.351] [bmv2] [D] [thread 40634] Dumping entry 0
Match key:
* hdr.ipv4.dstAddr    : LPM       0a000303/32
Action entry: MyIngress.ipv4_forward - 80000000303,1,

[04:53:26.351] [bmv2] [D] [thread 40633] Entry 1 added to table 'MyIngress.ipv4_lpm'
[04:53:26.351] [bmv2] [D] [thread 40633] Dumping entry 1
Match key:
* hdr.ipv4.dstAddr    : LPM       0a000100/24
Action entry: MyIngress.ipv4_forward - 80000000100,2,

[04:53:26.352] [bmv2] [D] [thread 40634] Entry 2 added to table 'MyIngress.ipv4_lpm'
[04:53:26.352] [bmv2] [D] [thread 40634] Dumping entry 2
Match key:
* hdr.ipv4.dstAddr    : LPM       0a000200/24
Action entry: MyIngress.ipv4_forward - 80000000200,3,

[04:53:28.491] [bmv2] [D] [thread 40592] [11.0] [cxt 0] Processing packet received on port 2
[04:53:28.491] [bmv2] [D] [thread 40592] [11.0] [cxt 0] Parser 'parser': start
[04:53:28.491] [bmv2] [D] [thread 40592] [11.0] [cxt 0] Parser 'parser' entering state 'start'
[04:53:28.491] [bmv2] [D] [thread 40592] [11.0] [cxt 0] Extracting header 'ethernet'
[04:53:28.491] [bmv2] [D] [thread 40592] [11.0] [cxt 0] Parser state 'start': key is 86dd
[04:53:28.491] [bmv2] [T] [thread 40592] [11.0] [cxt 0] Bytes parsed: 14
[04:53:28.491] [bmv2] [D] [thread 40592] [11.0] [cxt 0] Parser 'parser': end
[04:53:28.491] [bmv2] [D] [thread 40592] [11.0] [cxt 0] Pipeline 'ingress': start
[04:53:28.491] [bmv2] [T] [thread 40592] [11.0] [cxt 0] ecn.p4(133) Condition "hdr.ipv4.isValid()" (node_2) is false
[04:53:28.491] [bmv2] [D] [thread 40592] [11.0] [cxt 0] Pipeline 'ingress': end
[04:53:28.492] [bmv2] [D] [thread 40592] [11.0] [cxt 0] Egress port is 0
[04:53:28.492] [bmv2] [D] [thread 40593] [11.0] [cxt 0] Pipeline 'egress': start
[04:53:28.492] [bmv2] [T] [thread 40593] [11.0] [cxt 0] ecn.p4(150) Condition "hdr.ipv4.ecn == 1 || hdr.ipv4.ecn == 2" (node_6) is false
[04:53:28.492] [bmv2] [D] [thread 40593] [11.0] [cxt 0] Pipeline 'egress': end
[04:53:28.492] [bmv2] [D] [thread 40593] [11.0] [cxt 0] Deparser 'deparser': start
[04:53:28.492] [bmv2] [T] [thread 40593] [11.0] [cxt 0] Skipping checksum 'cksum' update because condition not met
[04:53:28.492] [bmv2] [D] [thread 40593] [11.0] [cxt 0] Deparsing header 'ethernet'
[04:53:28.492] [bmv2] [D] [thread 40593] [11.0] [cxt 0] Deparser 'deparser': end
[04:53:28.492] [bmv2] [D] [thread 40597] [11.0] [cxt 0] Transmitting packet of size 70 out of port 0
[04:53:29.003] [bmv2] [D] [thread 40592] [12.0] [cxt 0] Processing packet received on port 2
[04:53:29.003] [bmv2] [D] [thread 40592] [12.0] [cxt 0] Parser 'parser': start
[04:53:29.003] [bmv2] [D] [thread 40592] [12.0] [cxt 0] Parser 'parser' entering state 'start'
[04:53:29.003] [bmv2] [D] [thread 40592] [12.0] [cxt 0] Extracting header 'ethernet'
[04:53:29.003] [bmv2] [D] [thread 40592] [12.0] [cxt 0] Parser state 'start': key is 86dd
[04:53:29.003] [bmv2] [T] [thread 40592] [12.0] [cxt 0] Bytes parsed: 14
[04:53:29.003] [bmv2] [D] [thread 40592] [12.0] [cxt 0] Parser 'parser': end
[04:53:29.003] [bmv2] [D] [thread 40592] [12.0] [cxt 0] Pipeline 'ingress': start
[04:53:29.003] [bmv2] [T] [thread 40592] [12.0] [cxt 0] ecn.p4(133) Condition "hdr.ipv4.isValid()" (node_2) is false
[04:53:29.003] [bmv2] [D] [thread 40592] [12.0] [cxt 0] Pipeline 'ingress': end
[04:53:29.003] [bmv2] [D] [thread 40592] [12.0] [cxt 0] Egress port is 0
[04:53:29.003] [bmv2] [D] [thread 40593] [12.0] [cxt 0] Pipeline 'egress': start
[04:53:29.003] [bmv2] [T] [thread 40593] [12.0] [cxt 0] ecn.p4(150) Condition "hdr.ipv4.ecn == 1 || hdr.ipv4.ecn == 2" (node_6) is false
[04:53:29.003] [bmv2] [D] [thread 40593] [12.0] [cxt 0] Pipeline 'egress': end
[04:53:29.003] [bmv2] [D] [thread 40593] [12.0] [cxt 0] Deparser 'deparser': start
[04:53:29.003] [bmv2] [T] [thread 40593] [12.0] [cxt 0] Skipping checksum 'cksum' update because condition not met
[04:53:29.003] [bmv2] [D] [thread 40593] [12.0] [cxt 0] Deparsing header 'ethernet'
[04:53:29.003] [bmv2] [D] [thread 40593] [12.0] [cxt 0] Deparser 'deparser': end
[04:53:29.003] [bmv2] [D] [thread 40597] [12.0] [cxt 0] Transmitting packet of size 70 out of port 0
[04:53:29.261] [bmv2] [D] [thread 40592] [13.0] [cxt 0] Processing packet received on port 1
[04:53:29.261] [bmv2] [D] [thread 40592] [13.0] [cxt 0] Parser 'parser': start
[04:53:29.261] [bmv2] [D] [thread 40592] [13.0] [cxt 0] Parser 'parser' entering state 'start'
[04:53:29.261] [bmv2] [D] [thread 40592] [13.0] [cxt 0] Extracting header 'ethernet'
[04:53:29.261] [bmv2] [D] [thread 40592] [13.0] [cxt 0] Parser state 'start': key is 86dd
[04:53:29.261] [bmv2] [T] [thread 40592] [13.0] [cxt 0] Bytes parsed: 14
[04:53:29.261] [bmv2] [D] [thread 40592] [13.0] [cxt 0] Parser 'parser': end
[04:53:29.261] [bmv2] [D] [thread 40592] [13.0] [cxt 0] Pipeline 'ingress': start
[04:53:29.261] [bmv2] [T] [thread 40592] [13.0] [cxt 0] ecn.p4(133) Condition "hdr.ipv4.isValid()" (node_2) is false
[04:53:29.261] [bmv2] [D] [thread 40592] [13.0] [cxt 0] Pipeline 'ingress': end
[04:53:29.261] [bmv2] [D] [thread 40592] [13.0] [cxt 0] Egress port is 0
[04:53:29.261] [bmv2] [D] [thread 40593] [13.0] [cxt 0] Pipeline 'egress': start
[04:53:29.261] [bmv2] [T] [thread 40593] [13.0] [cxt 0] ecn.p4(150) Condition "hdr.ipv4.ecn == 1 || hdr.ipv4.ecn == 2" (node_6) is false
[04:53:29.261] [bmv2] [D] [thread 40593] [13.0] [cxt 0] Pipeline 'egress': end
[04:53:29.261] [bmv2] [D] [thread 40593] [13.0] [cxt 0] Deparser 'deparser': start
[04:53:29.261] [bmv2] [T] [thread 40593] [13.0] [cxt 0] Skipping checksum 'cksum' update because condition not met
[04:53:29.261] [bmv2] [D] [thread 40593] [13.0] [cxt 0] Deparsing header 'ethernet'
[04:53:29.261] [bmv2] [D] [thread 40593] [13.0] [cxt 0] Deparser 'deparser': end
[04:53:29.261] [bmv2] [D] [thread 40597] [13.0] [cxt 0] Transmitting packet of size 70 out of port 0
[04:53:29.518] [bmv2] [D] [thread 40592] [14.0] [cxt 0] Processing packet received on port 3
[04:53:29.518] [bmv2] [D] [thread 40592] [14.0] [cxt 0] Parser 'parser': start
[04:53:29.518] [bmv2] [D] [thread 40592] [14.0] [cxt 0] Parser 'parser' entering state 'start'
[04:53:29.518] [bmv2] [D] [thread 40592] [14.0] [cxt 0] Extracting header 'ethernet'
[04:53:29.518] [bmv2] [D] [thread 40592] [14.0] [cxt 0] Parser state 'start': key is 86dd
[04:53:29.518] [bmv2] [T] [thread 40592] [14.0] [cxt 0] Bytes parsed: 14
[04:53:29.518] [bmv2] [D] [thread 40592] [14.0] [cxt 0] Parser 'parser': end
[04:53:29.518] [bmv2] [D] [thread 40592] [14.0] [cxt 0] Pipeline 'ingress': start
[04:53:29.518] [bmv2] [T] [thread 40592] [14.0] [cxt 0] ecn.p4(133) Condition "hdr.ipv4.isValid()" (node_2) is false
[04:53:29.518] [bmv2] [D] [thread 40592] [14.0] [cxt 0] Pipeline 'ingress': end
[04:53:29.518] [bmv2] [D] [thread 40592] [14.0] [cxt 0] Egress port is 0
[04:53:29.518] [bmv2] [D] [thread 40593] [14.0] [cxt 0] Pipeline 'egress': start
[04:53:29.518] [bmv2] [T] [thread 40593] [14.0] [cxt 0] ecn.p4(150) Condition "hdr.ipv4.ecn == 1 || hdr.ipv4.ecn == 2" (node_6) is false
[04:53:29.518] [bmv2] [D] [thread 40593] [14.0] [cxt 0] Pipeline 'egress': end
[04:53:29.518] [bmv2] [D] [thread 40593] [14.0] [cxt 0] Deparser 'deparser': start
[04:53:29.518] [bmv2] [T] [thread 40593] [14.0] [cxt 0] Skipping checksum 'cksum' update because condition not met
[04:53:29.518] [bmv2] [D] [thread 40593] [14.0] [cxt 0] Deparsing header 'ethernet'
[04:53:29.518] [bmv2] [D] [thread 40593] [14.0] [cxt 0] Deparser 'deparser': end
[04:53:29.518] [bmv2] [D] [thread 40597] [14.0] [cxt 0] Transmitting packet of size 70 out of port 0
[04:53:29.772] [bmv2] [D] [thread 40592] [15.0] [cxt 0] Processing packet received on port 3
[04:53:29.772] [bmv2] [D] [thread 40592] [15.0] [cxt 0] Parser 'parser': start
[04:53:29.772] [bmv2] [D] [thread 40592] [15.0] [cxt 0] Parser 'parser' entering state 'start'
[04:53:29.772] [bmv2] [D] [thread 40592] [15.0] [cxt 0] Extracting header 'ethernet'
[04:53:29.772] [bmv2] [D] [thread 40592] [15.0] [cxt 0] Parser state 'start': key is 86dd
[04:53:29.772] [bmv2] [T] [thread 40592] [15.0] [cxt 0] Bytes parsed: 14
[04:53:29.772] [bmv2] [D] [thread 40592] [15.0] [cxt 0] Parser 'parser': end
[04:53:29.772] [bmv2] [D] [thread 40592] [15.0] [cxt 0] Pipeline 'ingress': start
[04:53:29.772] [bmv2] [T] [thread 40592] [15.0] [cxt 0] ecn.p4(133) Condition "hdr.ipv4.isValid()" (node_2) is false
[04:53:29.772] [bmv2] [D] [thread 40592] [15.0] [cxt 0] Pipeline 'ingress': end
[04:53:29.772] [bmv2] [D] [thread 40592] [15.0] [cxt 0] Egress port is 0
[04:53:29.772] [bmv2] [D] [thread 40593] [15.0] [cxt 0] Pipeline 'egress': start
[04:53:29.772] [bmv2] [T] [thread 40593] [15.0] [cxt 0] ecn.p4(150) Condition "hdr.ipv4.ecn == 1 || hdr.ipv4.ecn == 2" (node_6) is false
[04:53:29.772] [bmv2] [D] [thread 40593] [15.0] [cxt 0] Pipeline 'egress': end
[04:53:29.772] [bmv2] [D] [thread 40593] [15.0] [cxt 0] Deparser 'deparser': start
[04:53:29.772] [bmv2] [T] [thread 40593] [15.0] [cxt 0] Skipping checksum 'cksum' update because condition not met
[04:53:29.772] [bmv2] [D] [thread 40593] [15.0] [cxt 0] Deparsing header 'ethernet'
[04:53:29.772] [bmv2] [D] [thread 40593] [15.0] [cxt 0] Deparser 'deparser': end
[04:53:29.772] [bmv2] [D] [thread 40597] [15.0] [cxt 0] Transmitting packet of size 70 out of port 0
[04:53:36.427] [bmv2] [D] [thread 40592] [16.0] [cxt 0] Processing packet received on port 2
[04:53:36.428] [bmv2] [D] [thread 40592] [16.0] [cxt 0] Parser 'parser': start
[04:53:36.428] [bmv2] [D] [thread 40592] [16.0] [cxt 0] Parser 'parser' entering state 'start'
[04:53:36.428] [bmv2] [D] [thread 40592] [16.0] [cxt 0] Extracting header 'ethernet'
[04:53:36.428] [bmv2] [D] [thread 40592] [16.0] [cxt 0] Parser state 'start': key is 86dd
[04:53:36.428] [bmv2] [T] [thread 40592] [16.0] [cxt 0] Bytes parsed: 14
[04:53:36.428] [bmv2] [D] [thread 40592] [16.0] [cxt 0] Parser 'parser': end
[04:53:36.428] [bmv2] [D] [thread 40592] [16.0] [cxt 0] Pipeline 'ingress': start
[04:53:36.428] [bmv2] [T] [thread 40592] [16.0] [cxt 0] ecn.p4(133) Condition "hdr.ipv4.isValid()" (node_2) is false
[04:53:36.428] [bmv2] [D] [thread 40592] [16.0] [cxt 0] Pipeline 'ingress': end
[04:53:36.428] [bmv2] [D] [thread 40592] [16.0] [cxt 0] Egress port is 0
[04:53:36.428] [bmv2] [D] [thread 40593] [16.0] [cxt 0] Pipeline 'egress': start
[04:53:36.428] [bmv2] [T] [thread 40593] [16.0] [cxt 0] ecn.p4(150) Condition "hdr.ipv4.ecn == 1 || hdr.ipv4.ecn == 2" (node_6) is false
[04:53:36.428] [bmv2] [D] [thread 40593] [16.0] [cxt 0] Pipeline 'egress': end
[04:53:36.428] [bmv2] [D] [thread 40593] [16.0] [cxt 0] Deparser 'deparser': start
[04:53:36.428] [bmv2] [T] [thread 40593] [16.0] [cxt 0] Skipping checksum 'cksum' update because condition not met
[04:53:36.428] [bmv2] [D] [thread 40593] [16.0] [cxt 0] Deparsing header 'ethernet'
[04:53:36.428] [bmv2] [D] [thread 40593] [16.0] [cxt 0] Deparser 'deparser': end
[04:53:36.428] [bmv2] [D] [thread 40597] [16.0] [cxt 0] Transmitting packet of size 70 out of port 0
[04:53:36.940] [bmv2] [D] [thread 40592] [17.0] [cxt 0] Processing packet received on port 2
[04:53:36.940] [bmv2] [D] [thread 40592] [17.0] [cxt 0] Parser 'parser': start
[04:53:36.940] [bmv2] [D] [thread 40592] [17.0] [cxt 0] Parser 'parser' entering state 'start'
[04:53:36.940] [bmv2] [D] [thread 40592] [17.0] [cxt 0] Extracting header 'ethernet'
[04:53:36.940] [bmv2] [D] [thread 40592] [17.0] [cxt 0] Parser state 'start': key is 86dd
[04:53:36.940] [bmv2] [T] [thread 40592] [17.0] [cxt 0] Bytes parsed: 14
[04:53:36.940] [bmv2] [D] [thread 40592] [17.0] [cxt 0] Parser 'parser': end
[04:53:36.940] [bmv2] [D] [thread 40592] [17.0] [cxt 0] Pipeline 'ingress': start
[04:53:36.940] [bmv2] [T] [thread 40592] [17.0] [cxt 0] ecn.p4(133) Condition "hdr.ipv4.isValid()" (node_2) is false
[04:53:36.940] [bmv2] [D] [thread 40592] [17.0] [cxt 0] Pipeline 'ingress': end
[04:53:36.940] [bmv2] [D] [thread 40592] [17.0] [cxt 0] Egress port is 0
[04:53:36.940] [bmv2] [D] [thread 40593] [17.0] [cxt 0] Pipeline 'egress': start
[04:53:36.940] [bmv2] [T] [thread 40593] [17.0] [cxt 0] ecn.p4(150) Condition "hdr.ipv4.ecn == 1 || hdr.ipv4.ecn == 2" (node_6) is false
[04:53:36.940] [bmv2] [D] [thread 40593] [17.0] [cxt 0] Pipeline 'egress': end
[04:53:36.940] [bmv2] [D] [thread 40593] [17.0] [cxt 0] Deparser 'deparser': start
[04:53:36.940] [bmv2] [T] [thread 40593] [17.0] [cxt 0] Skipping checksum 'cksum' update because condition not met
[04:53:36.940] [bmv2] [D] [thread 40593] [17.0] [cxt 0] Deparsing header 'ethernet'
[04:53:36.940] [bmv2] [D] [thread 40593] [17.0] [cxt 0] Deparser 'deparser': end
[04:53:36.940] [bmv2] [D] [thread 40597] [17.0] [cxt 0] Transmitting packet of size 70 out of port 0
[04:53:37.708] [bmv2] [D] [thread 40592] [18.0] [cxt 0] Processing packet received on port 3
[04:53:37.708] [bmv2] [D] [thread 40592] [18.0] [cxt 0] Parser 'parser': start
[04:53:37.708] [bmv2] [D] [thread 40592] [18.0] [cxt 0] Parser 'parser' entering state 'start'
[04:53:37.708] [bmv2] [D] [thread 40592] [18.0] [cxt 0] Extracting header 'ethernet'
[04:53:37.708] [bmv2] [D] [thread 40592] [18.0] [cxt 0] Parser state 'start': key is 86dd
[04:53:37.708] [bmv2] [T] [thread 40592] [18.0] [cxt 0] Bytes parsed: 14
[04:53:37.708] [bmv2] [D] [thread 40592] [18.0] [cxt 0] Parser 'parser': end
[04:53:37.708] [bmv2] [D] [thread 40592] [18.0] [cxt 0] Pipeline 'ingress': start
[04:53:37.709] [bmv2] [T] [thread 40592] [18.0] [cxt 0] ecn.p4(133) Condition "hdr.ipv4.isValid()" (node_2) is false
[04:53:37.709] [bmv2] [D] [thread 40592] [18.0] [cxt 0] Pipeline 'ingress': end
[04:53:37.709] [bmv2] [D] [thread 40592] [18.0] [cxt 0] Egress port is 0
[04:53:37.709] [bmv2] [D] [thread 40593] [18.0] [cxt 0] Pipeline 'egress': start
[04:53:37.709] [bmv2] [T] [thread 40593] [18.0] [cxt 0] ecn.p4(150) Condition "hdr.ipv4.ecn == 1 || hdr.ipv4.ecn == 2" (node_6) is false
[04:53:37.709] [bmv2] [D] [thread 40593] [18.0] [cxt 0] Pipeline 'egress': end
[04:53:37.709] [bmv2] [D] [thread 40593] [18.0] [cxt 0] Deparser 'deparser': start
[04:53:37.709] [bmv2] [T] [thread 40593] [18.0] [cxt 0] Skipping checksum 'cksum' update because condition not met
[04:53:37.709] [bmv2] [D] [thread 40593] [18.0] [cxt 0] Deparsing header 'ethernet'
[04:53:37.709] [bmv2] [D] [thread 40593] [18.0] [cxt 0] Deparser 'deparser': end
[04:53:37.709] [bmv2] [D] [thread 40597] [18.0] [cxt 0] Transmitting packet of size 70 out of port 0
[04:53:37.964] [bmv2] [D] [thread 40592] [19.0] [cxt 0] Processing packet received on port 1
[04:53:37.964] [bmv2] [D] [thread 40592] [19.0] [cxt 0] Parser 'parser': start
[04:53:37.964] [bmv2] [D] [thread 40592] [19.0] [cxt 0] Parser 'parser' entering state 'start'
[04:53:37.964] [bmv2] [D] [thread 40592] [19.0] [cxt 0] Extracting header 'ethernet'
[04:53:37.964] [bmv2] [D] [thread 40592] [19.0] [cxt 0] Parser state 'start': key is 86dd
[04:53:37.964] [bmv2] [T] [thread 40592] [19.0] [cxt 0] Bytes parsed: 14
[04:53:37.964] [bmv2] [D] [thread 40592] [19.0] [cxt 0] Parser 'parser': end
[04:53:37.964] [bmv2] [D] [thread 40592] [19.0] [cxt 0] Pipeline 'ingress': start
[04:53:37.964] [bmv2] [T] [thread 40592] [19.0] [cxt 0] ecn.p4(133) Condition "hdr.ipv4.isValid()" (node_2) is false
[04:53:37.964] [bmv2] [D] [thread 40592] [19.0] [cxt 0] Pipeline 'ingress': end
[04:53:37.964] [bmv2] [D] [thread 40592] [19.0] [cxt 0] Egress port is 0
[04:53:37.964] [bmv2] [D] [thread 40593] [19.0] [cxt 0] Pipeline 'egress': start
[04:53:37.964] [bmv2] [T] [thread 40593] [19.0] [cxt 0] ecn.p4(150) Condition "hdr.ipv4.ecn == 1 || hdr.ipv4.ecn == 2" (node_6) is false
[04:53:37.964] [bmv2] [D] [thread 40593] [19.0] [cxt 0] Pipeline 'egress': end
[04:53:37.964] [bmv2] [D] [thread 40593] [19.0] [cxt 0] Deparser 'deparser': start
[04:53:37.964] [bmv2] [T] [thread 40593] [19.0] [cxt 0] Skipping checksum 'cksum' update because condition not met
[04:53:37.964] [bmv2] [D] [thread 40593] [19.0] [cxt 0] Deparsing header 'ethernet'
[04:53:37.964] [bmv2] [D] [thread 40593] [19.0] [cxt 0] Deparser 'deparser': end
[04:53:37.964] [bmv2] [D] [thread 40597] [19.0] [cxt 0] Transmitting packet of size 70 out of port 0
[04:53:38.477] [bmv2] [D] [thread 40592] [20.0] [cxt 0] Processing packet received on port 3
[04:53:38.477] [bmv2] [D] [thread 40592] [20.0] [cxt 0] Parser 'parser': start
[04:53:38.477] [bmv2] [D] [thread 40592] [20.0] [cxt 0] Parser 'parser' entering state 'start'
[04:53:38.477] [bmv2] [D] [thread 40592] [20.0] [cxt 0] Extracting header 'ethernet'
[04:53:38.477] [bmv2] [D] [thread 40592] [20.0] [cxt 0] Parser state 'start': key is 86dd
[04:53:38.477] [bmv2] [T] [thread 40592] [20.0] [cxt 0] Bytes parsed: 14
[04:53:38.477] [bmv2] [D] [thread 40592] [20.0] [cxt 0] Parser 'parser': end
[04:53:38.477] [bmv2] [D] [thread 40592] [20.0] [cxt 0] Pipeline 'ingress': start
[04:53:38.477] [bmv2] [T] [thread 40592] [20.0] [cxt 0] ecn.p4(133) Condition "hdr.ipv4.isValid()" (node_2) is false
[04:53:38.477] [bmv2] [D] [thread 40592] [20.0] [cxt 0] Pipeline 'ingress': end
[04:53:38.477] [bmv2] [D] [thread 40592] [20.0] [cxt 0] Egress port is 0
[04:53:38.477] [bmv2] [D] [thread 40593] [20.0] [cxt 0] Pipeline 'egress': start
[04:53:38.477] [bmv2] [T] [thread 40593] [20.0] [cxt 0] ecn.p4(150) Condition "hdr.ipv4.ecn == 1 || hdr.ipv4.ecn == 2" (node_6) is false
[04:53:38.477] [bmv2] [D] [thread 40593] [20.0] [cxt 0] Pipeline 'egress': end
[04:53:38.477] [bmv2] [D] [thread 40593] [20.0] [cxt 0] Deparser 'deparser': start
[04:53:38.477] [bmv2] [T] [thread 40593] [20.0] [cxt 0] Skipping checksum 'cksum' update because condition not met
[04:53:38.477] [bmv2] [D] [thread 40593] [20.0] [cxt 0] Deparsing header 'ethernet'
[04:53:38.477] [bmv2] [D] [thread 40593] [20.0] [cxt 0] Deparser 'deparser': end
[04:53:38.477] [bmv2] [D] [thread 40597] [20.0] [cxt 0] Transmitting packet of size 70 out of port 0
[04:53:51.796] [bmv2] [D] [thread 40592] [21.0] [cxt 0] Processing packet received on port 2
[04:53:51.796] [bmv2] [D] [thread 40592] [21.0] [cxt 0] Parser 'parser': start
[04:53:51.796] [bmv2] [D] [thread 40592] [21.0] [cxt 0] Parser 'parser' entering state 'start'
[04:53:51.796] [bmv2] [D] [thread 40592] [21.0] [cxt 0] Extracting header 'ethernet'
[04:53:51.796] [bmv2] [D] [thread 40592] [21.0] [cxt 0] Parser state 'start': key is 86dd
[04:53:51.796] [bmv2] [T] [thread 40592] [21.0] [cxt 0] Bytes parsed: 14
[04:53:51.796] [bmv2] [D] [thread 40592] [21.0] [cxt 0] Parser 'parser': end
[04:53:51.796] [bmv2] [D] [thread 40592] [21.0] [cxt 0] Pipeline 'ingress': start
[04:53:51.796] [bmv2] [T] [thread 40592] [21.0] [cxt 0] ecn.p4(133) Condition "hdr.ipv4.isValid()" (node_2) is false
[04:53:51.796] [bmv2] [D] [thread 40592] [21.0] [cxt 0] Pipeline 'ingress': end
[04:53:51.796] [bmv2] [D] [thread 40592] [21.0] [cxt 0] Egress port is 0
[04:53:51.796] [bmv2] [D] [thread 40593] [21.0] [cxt 0] Pipeline 'egress': start
[04:53:51.796] [bmv2] [T] [thread 40593] [21.0] [cxt 0] ecn.p4(150) Condition "hdr.ipv4.ecn == 1 || hdr.ipv4.ecn == 2" (node_6) is false
[04:53:51.796] [bmv2] [D] [thread 40593] [21.0] [cxt 0] Pipeline 'egress': end
[04:53:51.796] [bmv2] [D] [thread 40593] [21.0] [cxt 0] Deparser 'deparser': start
[04:53:51.796] [bmv2] [T] [thread 40593] [21.0] [cxt 0] Skipping checksum 'cksum' update because condition not met
[04:53:51.796] [bmv2] [D] [thread 40593] [21.0] [cxt 0] Deparsing header 'ethernet'
[04:53:51.796] [bmv2] [D] [thread 40593] [21.0] [cxt 0] Deparser 'deparser': end
[04:53:51.796] [bmv2] [D] [thread 40597] [21.0] [cxt 0] Transmitting packet of size 70 out of port 0
[04:53:52.043] [bmv2] [D] [thread 40592] [22.0] [cxt 0] Processing packet received on port 2
[04:53:52.043] [bmv2] [D] [thread 40592] [22.0] [cxt 0] Parser 'parser': start
[04:53:52.043] [bmv2] [D] [thread 40592] [22.0] [cxt 0] Parser 'parser' entering state 'start'
[04:53:52.043] [bmv2] [D] [thread 40592] [22.0] [cxt 0] Extracting header 'ethernet'
[04:53:52.043] [bmv2] [D] [thread 40592] [22.0] [cxt 0] Parser state 'start': key is 86dd
[04:53:52.043] [bmv2] [T] [thread 40592] [22.0] [cxt 0] Bytes parsed: 14
[04:53:52.043] [bmv2] [D] [thread 40592] [22.0] [cxt 0] Parser 'parser': end
[04:53:52.043] [bmv2] [D] [thread 40592] [22.0] [cxt 0] Pipeline 'ingress': start
[04:53:52.043] [bmv2] [T] [thread 40592] [22.0] [cxt 0] ecn.p4(133) Condition "hdr.ipv4.isValid()" (node_2) is false
[04:53:52.043] [bmv2] [D] [thread 40592] [22.0] [cxt 0] Pipeline 'ingress': end
[04:53:52.043] [bmv2] [D] [thread 40592] [22.0] [cxt 0] Egress port is 0
[04:53:52.043] [bmv2] [D] [thread 40593] [22.0] [cxt 0] Pipeline 'egress': start
[04:53:52.043] [bmv2] [T] [thread 40593] [22.0] [cxt 0] ecn.p4(150) Condition "hdr.ipv4.ecn == 1 || hdr.ipv4.ecn == 2" (node_6) is false
[04:53:52.043] [bmv2] [D] [thread 40593] [22.0] [cxt 0] Pipeline 'egress': end
[04:53:52.043] [bmv2] [D] [thread 40593] [22.0] [cxt 0] Deparser 'deparser': start
[04:53:52.043] [bmv2] [T] [thread 40593] [22.0] [cxt 0] Skipping checksum 'cksum' update because condition not met
[04:53:52.043] [bmv2] [D] [thread 40593] [22.0] [cxt 0] Deparsing header 'ethernet'
[04:53:52.043] [bmv2] [D] [thread 40593] [22.0] [cxt 0] Deparser 'deparser': end
[04:53:52.043] [bmv2] [D] [thread 40597] [22.0] [cxt 0] Transmitting packet of size 70 out of port 0
[04:53:55.630] [bmv2] [D] [thread 40592] [23.0] [cxt 0] Processing packet received on port 1
[04:53:55.630] [bmv2] [D] [thread 40592] [23.0] [cxt 0] Parser 'parser': start
[04:53:55.630] [bmv2] [D] [thread 40592] [23.0] [cxt 0] Parser 'parser' entering state 'start'
[04:53:55.630] [bmv2] [D] [thread 40592] [23.0] [cxt 0] Extracting header 'ethernet'
[04:53:55.630] [bmv2] [D] [thread 40592] [23.0] [cxt 0] Parser state 'start': key is 86dd
[04:53:55.630] [bmv2] [T] [thread 40592] [23.0] [cxt 0] Bytes parsed: 14
[04:53:55.630] [bmv2] [D] [thread 40592] [23.0] [cxt 0] Parser 'parser': end
[04:53:55.630] [bmv2] [D] [thread 40592] [23.0] [cxt 0] Pipeline 'ingress': start
[04:53:55.630] [bmv2] [T] [thread 40592] [23.0] [cxt 0] ecn.p4(133) Condition "hdr.ipv4.isValid()" (node_2) is false
[04:53:55.630] [bmv2] [D] [thread 40592] [23.0] [cxt 0] Pipeline 'ingress': end
[04:53:55.630] [bmv2] [D] [thread 40592] [23.0] [cxt 0] Egress port is 0
[04:53:55.630] [bmv2] [D] [thread 40592] [24.0] [cxt 0] Processing packet received on port 3
[04:53:55.630] [bmv2] [D] [thread 40592] [24.0] [cxt 0] Parser 'parser': start
[04:53:55.630] [bmv2] [D] [thread 40592] [24.0] [cxt 0] Parser 'parser' entering state 'start'
[04:53:55.630] [bmv2] [D] [thread 40592] [24.0] [cxt 0] Extracting header 'ethernet'
[04:53:55.630] [bmv2] [D] [thread 40592] [24.0] [cxt 0] Parser state 'start': key is 86dd
[04:53:55.630] [bmv2] [T] [thread 40592] [24.0] [cxt 0] Bytes parsed: 14
[04:53:55.630] [bmv2] [D] [thread 40592] [24.0] [cxt 0] Parser 'parser': end
[04:53:55.630] [bmv2] [D] [thread 40592] [24.0] [cxt 0] Pipeline 'ingress': start
[04:53:55.630] [bmv2] [T] [thread 40592] [24.0] [cxt 0] ecn.p4(133) Condition "hdr.ipv4.isValid()" (node_2) is false
[04:53:55.630] [bmv2] [D] [thread 40592] [24.0] [cxt 0] Pipeline 'ingress': end
[04:53:55.630] [bmv2] [D] [thread 40592] [24.0] [cxt 0] Egress port is 0
[04:53:55.630] [bmv2] [D] [thread 40593] [23.0] [cxt 0] Pipeline 'egress': start
[04:53:55.630] [bmv2] [T] [thread 40593] [23.0] [cxt 0] ecn.p4(150) Condition "hdr.ipv4.ecn == 1 || hdr.ipv4.ecn == 2" (node_6) is false
[04:53:55.630] [bmv2] [D] [thread 40593] [23.0] [cxt 0] Pipeline 'egress': end
[04:53:55.630] [bmv2] [D] [thread 40593] [23.0] [cxt 0] Deparser 'deparser': start
[04:53:55.630] [bmv2] [T] [thread 40593] [23.0] [cxt 0] Skipping checksum 'cksum' update because condition not met
[04:53:55.630] [bmv2] [D] [thread 40593] [23.0] [cxt 0] Deparsing header 'ethernet'
[04:53:55.630] [bmv2] [D] [thread 40593] [23.0] [cxt 0] Deparser 'deparser': end
[04:53:55.630] [bmv2] [D] [thread 40593] [24.0] [cxt 0] Pipeline 'egress': start
[04:53:55.630] [bmv2] [T] [thread 40593] [24.0] [cxt 0] ecn.p4(150) Condition "hdr.ipv4.ecn == 1 || hdr.ipv4.ecn == 2" (node_6) is false
[04:53:55.630] [bmv2] [D] [thread 40593] [24.0] [cxt 0] Pipeline 'egress': end
[04:53:55.630] [bmv2] [D] [thread 40593] [24.0] [cxt 0] Deparser 'deparser': start
[04:53:55.630] [bmv2] [T] [thread 40593] [24.0] [cxt 0] Skipping checksum 'cksum' update because condition not met
[04:53:55.630] [bmv2] [D] [thread 40593] [24.0] [cxt 0] Deparsing header 'ethernet'
[04:53:55.630] [bmv2] [D] [thread 40593] [24.0] [cxt 0] Deparser 'deparser': end
[04:53:55.630] [bmv2] [D] [thread 40597] [23.0] [cxt 0] Transmitting packet of size 70 out of port 0
[04:53:55.630] [bmv2] [D] [thread 40597] [24.0] [cxt 0] Transmitting packet of size 70 out of port 0
[04:53:57.676] [bmv2] [D] [thread 40592] [25.0] [cxt 0] Processing packet received on port 3
[04:53:57.676] [bmv2] [D] [thread 40592] [25.0] [cxt 0] Parser 'parser': start
[04:53:57.676] [bmv2] [D] [thread 40592] [25.0] [cxt 0] Parser 'parser' entering state 'start'
[04:53:57.676] [bmv2] [D] [thread 40592] [25.0] [cxt 0] Extracting header 'ethernet'
[04:53:57.676] [bmv2] [D] [thread 40592] [25.0] [cxt 0] Parser state 'start': key is 86dd
[04:53:57.676] [bmv2] [T] [thread 40592] [25.0] [cxt 0] Bytes parsed: 14
[04:53:57.676] [bmv2] [D] [thread 40592] [25.0] [cxt 0] Parser 'parser': end
[04:53:57.676] [bmv2] [D] [thread 40592] [25.0] [cxt 0] Pipeline 'ingress': start
[04:53:57.676] [bmv2] [T] [thread 40592] [25.0] [cxt 0] ecn.p4(133) Condition "hdr.ipv4.isValid()" (node_2) is false
[04:53:57.676] [bmv2] [D] [thread 40592] [25.0] [cxt 0] Pipeline 'ingress': end
[04:53:57.676] [bmv2] [D] [thread 40592] [25.0] [cxt 0] Egress port is 0
[04:53:57.676] [bmv2] [D] [thread 40593] [25.0] [cxt 0] Pipeline 'egress': start
[04:53:57.676] [bmv2] [T] [thread 40593] [25.0] [cxt 0] ecn.p4(150) Condition "hdr.ipv4.ecn == 1 || hdr.ipv4.ecn == 2" (node_6) is false
[04:53:57.676] [bmv2] [D] [thread 40593] [25.0] [cxt 0] Pipeline 'egress': end
[04:53:57.676] [bmv2] [D] [thread 40593] [25.0] [cxt 0] Deparser 'deparser': start
[04:53:57.676] [bmv2] [T] [thread 40593] [25.0] [cxt 0] Skipping checksum 'cksum' update because condition not met
[04:53:57.676] [bmv2] [D] [thread 40593] [25.0] [cxt 0] Deparsing header 'ethernet'
[04:53:57.676] [bmv2] [D] [thread 40593] [25.0] [cxt 0] Deparser 'deparser': end
[04:53:57.676] [bmv2] [D] [thread 40597] [25.0] [cxt 0] Transmitting packet of size 70 out of port 0
open: No such file or directory
open: No such file or directory
open: No such file or directory
open: No such file or directory
open: No such file or directory
open: No such file or directory
