Calling target program-options parser
[20:44:47.512] [bmv2] [D] [thread 31367] Set default default entry for table 'MyIngress.ipv4_lpm': NoAction - 
[20:44:47.513] [bmv2] [D] [thread 31367] Set default default entry for table 'tbl_mark_ecn': MyEgress.mark_ecn - 
[20:44:47.513] [bmv2] [D] [thread 31367] Set default default entry for table 'tbl_ecn155': ecn155 - 
[20:44:47.513] [bmv2] [D] [thread 31367] Set default default entry for table 'tbl_ecn162': ecn162 - 
[20:44:47.513] [bmv2] [D] [thread 31367] Set default default entry for table 'tbl_ecn168': ecn168 - 
[20:44:47.513] [bmv2] [D] [thread 31367] Set default default entry for table 'tbl_ecn173': ecn173 - 
Adding interface s3-eth1 as port 1
[20:44:47.513] [bmv2] [D] [thread 31367] Adding interface s3-eth1 as port 1
Adding interface s3-eth2 as port 2
[20:44:47.544] [bmv2] [D] [thread 31367] Adding interface s3-eth2 as port 2
Adding interface s3-eth3 as port 3
[20:44:47.568] [bmv2] [D] [thread 31367] Adding interface s3-eth3 as port 3
Server listening on 0.0.0.0:50053
[20:44:47.605] [bmv2] [I] [thread 31367] Starting Thrift server on port 9092
[20:44:47.605] [bmv2] [I] [thread 31367] Thrift server was started
[20:44:47.629] [bmv2] [D] [thread 31377] [0.0] [cxt 0] Processing packet received on port 1
[20:44:47.629] [bmv2] [D] [thread 31377] [0.0] [cxt 0] Parser 'parser': start
[20:44:47.629] [bmv2] [D] [thread 31377] [0.0] [cxt 0] Parser 'parser' entering state 'start'
[20:44:47.629] [bmv2] [D] [thread 31377] [0.0] [cxt 0] Extracting header 'ethernet'
[20:44:47.629] [bmv2] [D] [thread 31377] [0.0] [cxt 0] Parser state 'start': key is 86dd
[20:44:47.629] [bmv2] [T] [thread 31377] [0.0] [cxt 0] Bytes parsed: 14
[20:44:47.629] [bmv2] [D] [thread 31377] [0.0] [cxt 0] Parser 'parser': end
[20:44:47.629] [bmv2] [D] [thread 31377] [0.0] [cxt 0] Pipeline 'ingress': start
[20:44:47.629] [bmv2] [T] [thread 31377] [0.0] [cxt 0] ecn.p4(133) Condition "hdr.ipv4.isValid()" (node_2) is false
[20:44:47.629] [bmv2] [D] [thread 31377] [0.0] [cxt 0] Pipeline 'ingress': end
[20:44:47.629] [bmv2] [D] [thread 31377] [0.0] [cxt 0] Egress port is 0
[20:44:47.629] [bmv2] [D] [thread 31377] [1.0] [cxt 0] Processing packet received on port 1
[20:44:47.629] [bmv2] [D] [thread 31377] [1.0] [cxt 0] Parser 'parser': start
[20:44:47.629] [bmv2] [D] [thread 31377] [1.0] [cxt 0] Parser 'parser' entering state 'start'
[20:44:47.629] [bmv2] [D] [thread 31377] [1.0] [cxt 0] Extracting header 'ethernet'
[20:44:47.629] [bmv2] [D] [thread 31377] [1.0] [cxt 0] Parser state 'start': key is 86dd
[20:44:47.629] [bmv2] [T] [thread 31377] [1.0] [cxt 0] Bytes parsed: 14
[20:44:47.629] [bmv2] [D] [thread 31377] [1.0] [cxt 0] Parser 'parser': end
[20:44:47.629] [bmv2] [D] [thread 31377] [1.0] [cxt 0] Pipeline 'ingress': start
[20:44:47.629] [bmv2] [T] [thread 31377] [1.0] [cxt 0] ecn.p4(133) Condition "hdr.ipv4.isValid()" (node_2) is false
[20:44:47.629] [bmv2] [D] [thread 31377] [1.0] [cxt 0] Pipeline 'ingress': end
[20:44:47.629] [bmv2] [D] [thread 31377] [1.0] [cxt 0] Egress port is 0
[20:44:47.629] [bmv2] [D] [thread 31378] [0.0] [cxt 0] Pipeline 'egress': start
[20:44:47.629] [bmv2] [T] [thread 31378] [0.0] [cxt 0] ecn.p4(152) Condition "hdr.ipv4.ecn == 1 || hdr.ipv4.ecn == 2" (node_6) is false
[20:44:47.629] [bmv2] [T] [thread 31378] [0.0] [cxt 0] Applying table 'tbl_ecn162'
[20:44:47.629] [bmv2] [D] [thread 31378] [0.0] [cxt 0] Looking up key:

[20:44:47.629] [bmv2] [D] [thread 31378] [0.0] [cxt 0] Table 'tbl_ecn162': miss
[20:44:47.629] [bmv2] [D] [thread 31378] [0.0] [cxt 0] Action entry is ecn162 - 
[20:44:47.629] [bmv2] [T] [thread 31378] [0.0] [cxt 0] Action ecn162
[20:44:47.629] [bmv2] [T] [thread 31378] [0.0] [cxt 0] ecn.p4(162) Primitive source_ip_register.read(source_ip_register_value, 0)
[20:44:47.629] [bmv2] [T] [thread 31378] [0.0] [cxt 0] Read register 'MyEgress.source_ip_register' at index 0 read value 0
[20:44:47.629] [bmv2] [T] [thread 31378] [0.0] [cxt 0] ecn.p4(163) Primitive source_port_register.read(source_port_register_value, 0)
[20:44:47.629] [bmv2] [T] [thread 31378] [0.0] [cxt 0] Read register 'MyEgress.source_port_register' at index 0 read value 0
[20:44:47.629] [bmv2] [T] [thread 31378] [0.0] [cxt 0] ecn.p4(165) Condition "hdr.tcp.ctrl & 16 != 0 && hdr.ipv4.dstAddr == source_ip_register_value ..." (node_11) is false
[20:44:47.629] [bmv2] [T] [thread 31378] [0.0] [cxt 0] ecn.p4(171) Condition "hdr.tcp.ctrl & 16 != 0 && hdr.tcp.cwr == 1 && hdr.ipv4.srcAddr == source_ip_register_value" (node_13) is false
[20:44:47.629] [bmv2] [D] [thread 31378] [0.0] [cxt 0] Pipeline 'egress': end
[20:44:47.629] [bmv2] [D] [thread 31378] [0.0] [cxt 0] Deparser 'deparser': start
[20:44:47.629] [bmv2] [T] [thread 31378] [0.0] [cxt 0] Skipping checksum 'cksum' update because condition not met
[20:44:47.629] [bmv2] [D] [thread 31378] [0.0] [cxt 0] Deparsing header 'ethernet'
[20:44:47.629] [bmv2] [D] [thread 31378] [0.0] [cxt 0] Deparser 'deparser': end
[20:44:47.629] [bmv2] [D] [thread 31382] [0.0] [cxt 0] Transmitting packet of size 90 out of port 0
[20:44:47.629] [bmv2] [D] [thread 31378] [1.0] [cxt 0] Pipeline 'egress': start
[20:44:47.629] [bmv2] [T] [thread 31378] [1.0] [cxt 0] ecn.p4(152) Condition "hdr.ipv4.ecn == 1 || hdr.ipv4.ecn == 2" (node_6) is false
[20:44:47.629] [bmv2] [T] [thread 31378] [1.0] [cxt 0] Applying table 'tbl_ecn162'
[20:44:47.629] [bmv2] [D] [thread 31378] [1.0] [cxt 0] Looking up key:

[20:44:47.629] [bmv2] [D] [thread 31378] [1.0] [cxt 0] Table 'tbl_ecn162': miss
[20:44:47.629] [bmv2] [D] [thread 31378] [1.0] [cxt 0] Action entry is ecn162 - 
[20:44:47.629] [bmv2] [T] [thread 31378] [1.0] [cxt 0] Action ecn162
[20:44:47.629] [bmv2] [T] [thread 31378] [1.0] [cxt 0] ecn.p4(162) Primitive source_ip_register.read(source_ip_register_value, 0)
[20:44:47.629] [bmv2] [T] [thread 31378] [1.0] [cxt 0] Read register 'MyEgress.source_ip_register' at index 0 read value 0
[20:44:47.629] [bmv2] [T] [thread 31378] [1.0] [cxt 0] ecn.p4(163) Primitive source_port_register.read(source_port_register_value, 0)
[20:44:47.629] [bmv2] [T] [thread 31378] [1.0] [cxt 0] Read register 'MyEgress.source_port_register' at index 0 read value 0
[20:44:47.629] [bmv2] [T] [thread 31378] [1.0] [cxt 0] ecn.p4(165) Condition "hdr.tcp.ctrl & 16 != 0 && hdr.ipv4.dstAddr == source_ip_register_value ..." (node_11) is false
[20:44:47.629] [bmv2] [T] [thread 31378] [1.0] [cxt 0] ecn.p4(171) Condition "hdr.tcp.ctrl & 16 != 0 && hdr.tcp.cwr == 1 && hdr.ipv4.srcAddr == source_ip_register_value" (node_13) is false
[20:44:47.629] [bmv2] [D] [thread 31378] [1.0] [cxt 0] Pipeline 'egress': end
[20:44:47.629] [bmv2] [D] [thread 31378] [1.0] [cxt 0] Deparser 'deparser': start
[20:44:47.629] [bmv2] [T] [thread 31378] [1.0] [cxt 0] Skipping checksum 'cksum' update because condition not met
[20:44:47.629] [bmv2] [D] [thread 31378] [1.0] [cxt 0] Deparsing header 'ethernet'
[20:44:47.629] [bmv2] [D] [thread 31378] [1.0] [cxt 0] Deparser 'deparser': end
[20:44:47.629] [bmv2] [D] [thread 31382] [1.0] [cxt 0] Transmitting packet of size 70 out of port 0
[20:44:47.795] [bmv2] [D] [thread 31377] [2.0] [cxt 0] Processing packet received on port 2
[20:44:47.795] [bmv2] [D] [thread 31377] [2.0] [cxt 0] Parser 'parser': start
[20:44:47.795] [bmv2] [D] [thread 31377] [2.0] [cxt 0] Parser 'parser' entering state 'start'
[20:44:47.795] [bmv2] [D] [thread 31377] [2.0] [cxt 0] Extracting header 'ethernet'
[20:44:47.795] [bmv2] [D] [thread 31377] [2.0] [cxt 0] Parser state 'start': key is 86dd
[20:44:47.795] [bmv2] [T] [thread 31377] [2.0] [cxt 0] Bytes parsed: 14
[20:44:47.795] [bmv2] [D] [thread 31377] [2.0] [cxt 0] Parser 'parser': end
[20:44:47.795] [bmv2] [D] [thread 31377] [2.0] [cxt 0] Pipeline 'ingress': start
[20:44:47.795] [bmv2] [T] [thread 31377] [2.0] [cxt 0] ecn.p4(133) Condition "hdr.ipv4.isValid()" (node_2) is false
[20:44:47.795] [bmv2] [D] [thread 31377] [2.0] [cxt 0] Pipeline 'ingress': end
[20:44:47.795] [bmv2] [D] [thread 31377] [2.0] [cxt 0] Egress port is 0
[20:44:47.795] [bmv2] [D] [thread 31377] [3.0] [cxt 0] Processing packet received on port 3
[20:44:47.795] [bmv2] [D] [thread 31377] [3.0] [cxt 0] Parser 'parser': start
[20:44:47.795] [bmv2] [D] [thread 31377] [3.0] [cxt 0] Parser 'parser' entering state 'start'
[20:44:47.795] [bmv2] [D] [thread 31377] [3.0] [cxt 0] Extracting header 'ethernet'
[20:44:47.795] [bmv2] [D] [thread 31377] [3.0] [cxt 0] Parser state 'start': key is 86dd
[20:44:47.795] [bmv2] [T] [thread 31377] [3.0] [cxt 0] Bytes parsed: 14
[20:44:47.795] [bmv2] [D] [thread 31377] [3.0] [cxt 0] Parser 'parser': end
[20:44:47.795] [bmv2] [D] [thread 31377] [3.0] [cxt 0] Pipeline 'ingress': start
[20:44:47.795] [bmv2] [T] [thread 31377] [3.0] [cxt 0] ecn.p4(133) Condition "hdr.ipv4.isValid()" (node_2) is false
[20:44:47.795] [bmv2] [D] [thread 31377] [3.0] [cxt 0] Pipeline 'ingress': end
[20:44:47.795] [bmv2] [D] [thread 31377] [3.0] [cxt 0] Egress port is 0
[20:44:47.795] [bmv2] [D] [thread 31377] [4.0] [cxt 0] Processing packet received on port 2
[20:44:47.795] [bmv2] [D] [thread 31377] [4.0] [cxt 0] Parser 'parser': start
[20:44:47.795] [bmv2] [D] [thread 31377] [4.0] [cxt 0] Parser 'parser' entering state 'start'
[20:44:47.795] [bmv2] [D] [thread 31377] [4.0] [cxt 0] Extracting header 'ethernet'
[20:44:47.795] [bmv2] [D] [thread 31377] [4.0] [cxt 0] Parser state 'start': key is 86dd
[20:44:47.795] [bmv2] [T] [thread 31377] [4.0] [cxt 0] Bytes parsed: 14
[20:44:47.795] [bmv2] [D] [thread 31377] [4.0] [cxt 0] Parser 'parser': end
[20:44:47.795] [bmv2] [D] [thread 31377] [4.0] [cxt 0] Pipeline 'ingress': start
[20:44:47.795] [bmv2] [T] [thread 31377] [4.0] [cxt 0] ecn.p4(133) Condition "hdr.ipv4.isValid()" (node_2) is false
[20:44:47.795] [bmv2] [D] [thread 31377] [4.0] [cxt 0] Pipeline 'ingress': end
[20:44:47.795] [bmv2] [D] [thread 31377] [4.0] [cxt 0] Egress port is 0
[20:44:47.795] [bmv2] [D] [thread 31378] [2.0] [cxt 0] Pipeline 'egress': start
[20:44:47.795] [bmv2] [T] [thread 31378] [2.0] [cxt 0] ecn.p4(152) Condition "hdr.ipv4.ecn == 1 || hdr.ipv4.ecn == 2" (node_6) is false
[20:44:47.795] [bmv2] [T] [thread 31378] [2.0] [cxt 0] Applying table 'tbl_ecn162'
[20:44:47.795] [bmv2] [D] [thread 31378] [2.0] [cxt 0] Looking up key:

[20:44:47.795] [bmv2] [D] [thread 31378] [2.0] [cxt 0] Table 'tbl_ecn162': miss
[20:44:47.795] [bmv2] [D] [thread 31378] [2.0] [cxt 0] Action entry is ecn162 - 
[20:44:47.795] [bmv2] [T] [thread 31378] [2.0] [cxt 0] Action ecn162
[20:44:47.795] [bmv2] [T] [thread 31378] [2.0] [cxt 0] ecn.p4(162) Primitive source_ip_register.read(source_ip_register_value, 0)
[20:44:47.795] [bmv2] [T] [thread 31378] [2.0] [cxt 0] Read register 'MyEgress.source_ip_register' at index 0 read value 0
[20:44:47.795] [bmv2] [T] [thread 31378] [2.0] [cxt 0] ecn.p4(163) Primitive source_port_register.read(source_port_register_value, 0)
[20:44:47.795] [bmv2] [T] [thread 31378] [2.0] [cxt 0] Read register 'MyEgress.source_port_register' at index 0 read value 0
[20:44:47.795] [bmv2] [T] [thread 31378] [2.0] [cxt 0] ecn.p4(165) Condition "hdr.tcp.ctrl & 16 != 0 && hdr.ipv4.dstAddr == source_ip_register_value ..." (node_11) is false
[20:44:47.795] [bmv2] [T] [thread 31378] [2.0] [cxt 0] ecn.p4(171) Condition "hdr.tcp.ctrl & 16 != 0 && hdr.tcp.cwr == 1 && hdr.ipv4.srcAddr == source_ip_register_value" (node_13) is false
[20:44:47.795] [bmv2] [D] [thread 31378] [2.0] [cxt 0] Pipeline 'egress': end
[20:44:47.795] [bmv2] [D] [thread 31378] [2.0] [cxt 0] Deparser 'deparser': start
[20:44:47.795] [bmv2] [T] [thread 31378] [2.0] [cxt 0] Skipping checksum 'cksum' update because condition not met
[20:44:47.795] [bmv2] [D] [thread 31378] [2.0] [cxt 0] Deparsing header 'ethernet'
[20:44:47.795] [bmv2] [D] [thread 31378] [2.0] [cxt 0] Deparser 'deparser': end
[20:44:47.795] [bmv2] [D] [thread 31378] [3.0] [cxt 0] Pipeline 'egress': start
[20:44:47.795] [bmv2] [T] [thread 31378] [3.0] [cxt 0] ecn.p4(152) Condition "hdr.ipv4.ecn == 1 || hdr.ipv4.ecn == 2" (node_6) is false
[20:44:47.795] [bmv2] [T] [thread 31378] [3.0] [cxt 0] Applying table 'tbl_ecn162'
[20:44:47.795] [bmv2] [D] [thread 31378] [3.0] [cxt 0] Looking up key:

[20:44:47.795] [bmv2] [D] [thread 31378] [3.0] [cxt 0] Table 'tbl_ecn162': miss
[20:44:47.795] [bmv2] [D] [thread 31378] [3.0] [cxt 0] Action entry is ecn162 - 
[20:44:47.795] [bmv2] [T] [thread 31378] [3.0] [cxt 0] Action ecn162
[20:44:47.795] [bmv2] [T] [thread 31378] [3.0] [cxt 0] ecn.p4(162) Primitive source_ip_register.read(source_ip_register_value, 0)
[20:44:47.795] [bmv2] [T] [thread 31378] [3.0] [cxt 0] Read register 'MyEgress.source_ip_register' at index 0 read value 0
[20:44:47.796] [bmv2] [T] [thread 31378] [3.0] [cxt 0] ecn.p4(163) Primitive source_port_register.read(source_port_register_value, 0)
[20:44:47.796] [bmv2] [T] [thread 31378] [3.0] [cxt 0] Read register 'MyEgress.source_port_register' at index 0 read value 0
[20:44:47.796] [bmv2] [D] [thread 31382] [2.0] [cxt 0] Transmitting packet of size 90 out of port 0
[20:44:47.796] [bmv2] [T] [thread 31378] [3.0] [cxt 0] ecn.p4(165) Condition "hdr.tcp.ctrl & 16 != 0 && hdr.ipv4.dstAddr == source_ip_register_value ..." (node_11) is false
[20:44:47.796] [bmv2] [T] [thread 31378] [3.0] [cxt 0] ecn.p4(171) Condition "hdr.tcp.ctrl & 16 != 0 && hdr.tcp.cwr == 1 && hdr.ipv4.srcAddr == source_ip_register_value" (node_13) is false
[20:44:47.796] [bmv2] [D] [thread 31378] [3.0] [cxt 0] Pipeline 'egress': end
[20:44:47.796] [bmv2] [D] [thread 31378] [3.0] [cxt 0] Deparser 'deparser': start
[20:44:47.796] [bmv2] [T] [thread 31378] [3.0] [cxt 0] Skipping checksum 'cksum' update because condition not met
[20:44:47.796] [bmv2] [D] [thread 31378] [3.0] [cxt 0] Deparsing header 'ethernet'
[20:44:47.796] [bmv2] [D] [thread 31378] [3.0] [cxt 0] Deparser 'deparser': end
[20:44:47.796] [bmv2] [D] [thread 31378] [4.0] [cxt 0] Pipeline 'egress': start
[20:44:47.796] [bmv2] [T] [thread 31378] [4.0] [cxt 0] ecn.p4(152) Condition "hdr.ipv4.ecn == 1 || hdr.ipv4.ecn == 2" (node_6) is false
[20:44:47.796] [bmv2] [T] [thread 31378] [4.0] [cxt 0] Applying table 'tbl_ecn162'
[20:44:47.796] [bmv2] [D] [thread 31378] [4.0] [cxt 0] Looking up key:

[20:44:47.796] [bmv2] [D] [thread 31378] [4.0] [cxt 0] Table 'tbl_ecn162': miss
[20:44:47.796] [bmv2] [D] [thread 31378] [4.0] [cxt 0] Action entry is ecn162 - 
[20:44:47.796] [bmv2] [T] [thread 31378] [4.0] [cxt 0] Action ecn162
[20:44:47.796] [bmv2] [T] [thread 31378] [4.0] [cxt 0] ecn.p4(162) Primitive source_ip_register.read(source_ip_register_value, 0)
[20:44:47.796] [bmv2] [T] [thread 31378] [4.0] [cxt 0] Read register 'MyEgress.source_ip_register' at index 0 read value 0
[20:44:47.796] [bmv2] [T] [thread 31378] [4.0] [cxt 0] ecn.p4(163) Primitive source_port_register.read(source_port_register_value, 0)
[20:44:47.796] [bmv2] [T] [thread 31378] [4.0] [cxt 0] Read register 'MyEgress.source_port_register' at index 0 read value 0
[20:44:47.796] [bmv2] [T] [thread 31378] [4.0] [cxt 0] ecn.p4(165) Condition "hdr.tcp.ctrl & 16 != 0 && hdr.ipv4.dstAddr == source_ip_register_value ..." (node_11) is false
[20:44:47.796] [bmv2] [T] [thread 31378] [4.0] [cxt 0] ecn.p4(171) Condition "hdr.tcp.ctrl & 16 != 0 && hdr.tcp.cwr == 1 && hdr.ipv4.srcAddr == source_ip_register_value" (node_13) is false
[20:44:47.796] [bmv2] [D] [thread 31378] [4.0] [cxt 0] Pipeline 'egress': end
[20:44:47.796] [bmv2] [D] [thread 31378] [4.0] [cxt 0] Deparser 'deparser': start
[20:44:47.796] [bmv2] [T] [thread 31378] [4.0] [cxt 0] Skipping checksum 'cksum' update because condition not met
[20:44:47.796] [bmv2] [D] [thread 31378] [4.0] [cxt 0] Deparsing header 'ethernet'
[20:44:47.796] [bmv2] [D] [thread 31378] [4.0] [cxt 0] Deparser 'deparser': end
[20:44:47.796] [bmv2] [D] [thread 31382] [3.0] [cxt 0] Transmitting packet of size 90 out of port 0
[20:44:47.796] [bmv2] [D] [thread 31382] [4.0] [cxt 0] Transmitting packet of size 70 out of port 0
[20:44:47.919] [bmv2] [D] [thread 31377] [5.0] [cxt 0] Processing packet received on port 2
[20:44:47.919] [bmv2] [D] [thread 31377] [5.0] [cxt 0] Parser 'parser': start
[20:44:47.919] [bmv2] [D] [thread 31377] [5.0] [cxt 0] Parser 'parser' entering state 'start'
[20:44:47.919] [bmv2] [D] [thread 31377] [5.0] [cxt 0] Extracting header 'ethernet'
[20:44:47.920] [bmv2] [D] [thread 31377] [5.0] [cxt 0] Parser state 'start': key is 86dd
[20:44:47.920] [bmv2] [T] [thread 31377] [5.0] [cxt 0] Bytes parsed: 14
[20:44:47.920] [bmv2] [D] [thread 31377] [5.0] [cxt 0] Parser 'parser': end
[20:44:47.920] [bmv2] [D] [thread 31377] [5.0] [cxt 0] Pipeline 'ingress': start
[20:44:47.920] [bmv2] [T] [thread 31377] [5.0] [cxt 0] ecn.p4(133) Condition "hdr.ipv4.isValid()" (node_2) is false
[20:44:47.920] [bmv2] [D] [thread 31377] [5.0] [cxt 0] Pipeline 'ingress': end
[20:44:47.920] [bmv2] [D] [thread 31377] [5.0] [cxt 0] Egress port is 0
[20:44:47.920] [bmv2] [D] [thread 31377] [6.0] [cxt 0] Processing packet received on port 2
[20:44:47.920] [bmv2] [D] [thread 31377] [6.0] [cxt 0] Parser 'parser': start
[20:44:47.920] [bmv2] [D] [thread 31377] [6.0] [cxt 0] Parser 'parser' entering state 'start'
[20:44:47.920] [bmv2] [D] [thread 31377] [6.0] [cxt 0] Extracting header 'ethernet'
[20:44:47.920] [bmv2] [D] [thread 31377] [6.0] [cxt 0] Parser state 'start': key is 86dd
[20:44:47.920] [bmv2] [T] [thread 31377] [6.0] [cxt 0] Bytes parsed: 14
[20:44:47.920] [bmv2] [D] [thread 31377] [6.0] [cxt 0] Parser 'parser': end
[20:44:47.920] [bmv2] [D] [thread 31377] [6.0] [cxt 0] Pipeline 'ingress': start
[20:44:47.920] [bmv2] [T] [thread 31377] [6.0] [cxt 0] ecn.p4(133) Condition "hdr.ipv4.isValid()" (node_2) is false
[20:44:47.920] [bmv2] [D] [thread 31377] [6.0] [cxt 0] Pipeline 'ingress': end
[20:44:47.920] [bmv2] [D] [thread 31377] [6.0] [cxt 0] Egress port is 0
[20:44:47.920] [bmv2] [D] [thread 31378] [5.0] [cxt 0] Pipeline 'egress': start
[20:44:47.920] [bmv2] [T] [thread 31378] [5.0] [cxt 0] ecn.p4(152) Condition "hdr.ipv4.ecn == 1 || hdr.ipv4.ecn == 2" (node_6) is false
[20:44:47.920] [bmv2] [T] [thread 31378] [5.0] [cxt 0] Applying table 'tbl_ecn162'
[20:44:47.920] [bmv2] [D] [thread 31378] [5.0] [cxt 0] Looking up key:

[20:44:47.920] [bmv2] [D] [thread 31378] [5.0] [cxt 0] Table 'tbl_ecn162': miss
[20:44:47.920] [bmv2] [D] [thread 31378] [5.0] [cxt 0] Action entry is ecn162 - 
[20:44:47.920] [bmv2] [T] [thread 31378] [5.0] [cxt 0] Action ecn162
[20:44:47.920] [bmv2] [T] [thread 31378] [5.0] [cxt 0] ecn.p4(162) Primitive source_ip_register.read(source_ip_register_value, 0)
[20:44:47.920] [bmv2] [T] [thread 31378] [5.0] [cxt 0] Read register 'MyEgress.source_ip_register' at index 0 read value 0
[20:44:47.920] [bmv2] [T] [thread 31378] [5.0] [cxt 0] ecn.p4(163) Primitive source_port_register.read(source_port_register_value, 0)
[20:44:47.920] [bmv2] [T] [thread 31378] [5.0] [cxt 0] Read register 'MyEgress.source_port_register' at index 0 read value 0
[20:44:47.920] [bmv2] [T] [thread 31378] [5.0] [cxt 0] ecn.p4(165) Condition "hdr.tcp.ctrl & 16 != 0 && hdr.ipv4.dstAddr == source_ip_register_value ..." (node_11) is false
[20:44:47.920] [bmv2] [T] [thread 31378] [5.0] [cxt 0] ecn.p4(171) Condition "hdr.tcp.ctrl & 16 != 0 && hdr.tcp.cwr == 1 && hdr.ipv4.srcAddr == source_ip_register_value" (node_13) is false
[20:44:47.920] [bmv2] [D] [thread 31378] [5.0] [cxt 0] Pipeline 'egress': end
[20:44:47.920] [bmv2] [D] [thread 31378] [5.0] [cxt 0] Deparser 'deparser': start
[20:44:47.920] [bmv2] [T] [thread 31378] [5.0] [cxt 0] Skipping checksum 'cksum' update because condition not met
[20:44:47.920] [bmv2] [D] [thread 31378] [5.0] [cxt 0] Deparsing header 'ethernet'
[20:44:47.920] [bmv2] [D] [thread 31378] [5.0] [cxt 0] Deparser 'deparser': end
[20:44:47.920] [bmv2] [D] [thread 31378] [6.0] [cxt 0] Pipeline 'egress': start
[20:44:47.920] [bmv2] [T] [thread 31378] [6.0] [cxt 0] ecn.p4(152) Condition "hdr.ipv4.ecn == 1 || hdr.ipv4.ecn == 2" (node_6) is false
[20:44:47.920] [bmv2] [T] [thread 31378] [6.0] [cxt 0] Applying table 'tbl_ecn162'
[20:44:47.920] [bmv2] [D] [thread 31378] [6.0] [cxt 0] Looking up key:

[20:44:47.920] [bmv2] [D] [thread 31378] [6.0] [cxt 0] Table 'tbl_ecn162': miss
[20:44:47.920] [bmv2] [D] [thread 31378] [6.0] [cxt 0] Action entry is ecn162 - 
[20:44:47.920] [bmv2] [T] [thread 31378] [6.0] [cxt 0] Action ecn162
[20:44:47.920] [bmv2] [T] [thread 31378] [6.0] [cxt 0] ecn.p4(162) Primitive source_ip_register.read(source_ip_register_value, 0)
[20:44:47.920] [bmv2] [T] [thread 31378] [6.0] [cxt 0] Read register 'MyEgress.source_ip_register' at index 0 read value 0
[20:44:47.920] [bmv2] [T] [thread 31378] [6.0] [cxt 0] ecn.p4(163) Primitive source_port_register.read(source_port_register_value, 0)
[20:44:47.920] [bmv2] [T] [thread 31378] [6.0] [cxt 0] Read register 'MyEgress.source_port_register' at index 0 read value 0
[20:44:47.920] [bmv2] [T] [thread 31378] [6.0] [cxt 0] ecn.p4(165) Condition "hdr.tcp.ctrl & 16 != 0 && hdr.ipv4.dstAddr == source_ip_register_value ..." (node_11) is false
[20:44:47.920] [bmv2] [T] [thread 31378] [6.0] [cxt 0] ecn.p4(171) Condition "hdr.tcp.ctrl & 16 != 0 && hdr.tcp.cwr == 1 && hdr.ipv4.srcAddr == source_ip_register_value" (node_13) is false
[20:44:47.920] [bmv2] [D] [thread 31378] [6.0] [cxt 0] Pipeline 'egress': end
[20:44:47.920] [bmv2] [D] [thread 31378] [6.0] [cxt 0] Deparser 'deparser': start
[20:44:47.920] [bmv2] [T] [thread 31378] [6.0] [cxt 0] Skipping checksum 'cksum' update because condition not met
[20:44:47.920] [bmv2] [D] [thread 31378] [6.0] [cxt 0] Deparsing header 'ethernet'
[20:44:47.920] [bmv2] [D] [thread 31378] [6.0] [cxt 0] Deparser 'deparser': end
[20:44:47.920] [bmv2] [D] [thread 31382] [5.0] [cxt 0] Transmitting packet of size 90 out of port 0
[20:44:47.920] [bmv2] [D] [thread 31382] [6.0] [cxt 0] Transmitting packet of size 70 out of port 0
[20:44:48.108] [bmv2] [D] [thread 31377] [7.0] [cxt 0] Processing packet received on port 1
[20:44:48.108] [bmv2] [D] [thread 31377] [7.0] [cxt 0] Parser 'parser': start
[20:44:48.108] [bmv2] [D] [thread 31377] [7.0] [cxt 0] Parser 'parser' entering state 'start'
[20:44:48.108] [bmv2] [D] [thread 31377] [7.0] [cxt 0] Extracting header 'ethernet'
[20:44:48.108] [bmv2] [D] [thread 31377] [7.0] [cxt 0] Parser state 'start': key is 86dd
[20:44:48.108] [bmv2] [T] [thread 31377] [7.0] [cxt 0] Bytes parsed: 14
[20:44:48.108] [bmv2] [D] [thread 31377] [7.0] [cxt 0] Parser 'parser': end
[20:44:48.108] [bmv2] [D] [thread 31377] [7.0] [cxt 0] Pipeline 'ingress': start
[20:44:48.108] [bmv2] [T] [thread 31377] [7.0] [cxt 0] ecn.p4(133) Condition "hdr.ipv4.isValid()" (node_2) is false
[20:44:48.108] [bmv2] [D] [thread 31377] [7.0] [cxt 0] Pipeline 'ingress': end
[20:44:48.108] [bmv2] [D] [thread 31377] [7.0] [cxt 0] Egress port is 0
[20:44:48.108] [bmv2] [D] [thread 31378] [7.0] [cxt 0] Pipeline 'egress': start
[20:44:48.108] [bmv2] [T] [thread 31378] [7.0] [cxt 0] ecn.p4(152) Condition "hdr.ipv4.ecn == 1 || hdr.ipv4.ecn == 2" (node_6) is false
[20:44:48.108] [bmv2] [T] [thread 31378] [7.0] [cxt 0] Applying table 'tbl_ecn162'
[20:44:48.108] [bmv2] [D] [thread 31378] [7.0] [cxt 0] Looking up key:

[20:44:48.108] [bmv2] [D] [thread 31378] [7.0] [cxt 0] Table 'tbl_ecn162': miss
[20:44:48.108] [bmv2] [D] [thread 31378] [7.0] [cxt 0] Action entry is ecn162 - 
[20:44:48.108] [bmv2] [T] [thread 31378] [7.0] [cxt 0] Action ecn162
[20:44:48.108] [bmv2] [T] [thread 31378] [7.0] [cxt 0] ecn.p4(162) Primitive source_ip_register.read(source_ip_register_value, 0)
[20:44:48.108] [bmv2] [T] [thread 31378] [7.0] [cxt 0] Read register 'MyEgress.source_ip_register' at index 0 read value 0
[20:44:48.108] [bmv2] [T] [thread 31378] [7.0] [cxt 0] ecn.p4(163) Primitive source_port_register.read(source_port_register_value, 0)
[20:44:48.108] [bmv2] [T] [thread 31378] [7.0] [cxt 0] Read register 'MyEgress.source_port_register' at index 0 read value 0
[20:44:48.108] [bmv2] [T] [thread 31378] [7.0] [cxt 0] ecn.p4(165) Condition "hdr.tcp.ctrl & 16 != 0 && hdr.ipv4.dstAddr == source_ip_register_value ..." (node_11) is false
[20:44:48.108] [bmv2] [T] [thread 31378] [7.0] [cxt 0] ecn.p4(171) Condition "hdr.tcp.ctrl & 16 != 0 && hdr.tcp.cwr == 1 && hdr.ipv4.srcAddr == source_ip_register_value" (node_13) is false
[20:44:48.108] [bmv2] [D] [thread 31378] [7.0] [cxt 0] Pipeline 'egress': end
[20:44:48.108] [bmv2] [D] [thread 31378] [7.0] [cxt 0] Deparser 'deparser': start
[20:44:48.108] [bmv2] [T] [thread 31378] [7.0] [cxt 0] Skipping checksum 'cksum' update because condition not met
[20:44:48.108] [bmv2] [D] [thread 31378] [7.0] [cxt 0] Deparsing header 'ethernet'
[20:44:48.108] [bmv2] [D] [thread 31378] [7.0] [cxt 0] Deparser 'deparser': end
[20:44:48.108] [bmv2] [D] [thread 31382] [7.0] [cxt 0] Transmitting packet of size 90 out of port 0
[20:44:48.365] [bmv2] [D] [thread 31377] [8.0] [cxt 0] Processing packet received on port 2
[20:44:48.365] [bmv2] [D] [thread 31377] [8.0] [cxt 0] Parser 'parser': start
[20:44:48.365] [bmv2] [D] [thread 31377] [8.0] [cxt 0] Parser 'parser' entering state 'start'
[20:44:48.365] [bmv2] [D] [thread 31377] [8.0] [cxt 0] Extracting header 'ethernet'
[20:44:48.365] [bmv2] [D] [thread 31377] [8.0] [cxt 0] Parser state 'start': key is 86dd
[20:44:48.365] [bmv2] [T] [thread 31377] [8.0] [cxt 0] Bytes parsed: 14
[20:44:48.365] [bmv2] [D] [thread 31377] [8.0] [cxt 0] Parser 'parser': end
[20:44:48.365] [bmv2] [D] [thread 31377] [8.0] [cxt 0] Pipeline 'ingress': start
[20:44:48.365] [bmv2] [T] [thread 31377] [8.0] [cxt 0] ecn.p4(133) Condition "hdr.ipv4.isValid()" (node_2) is false
[20:44:48.365] [bmv2] [D] [thread 31377] [8.0] [cxt 0] Pipeline 'ingress': end
[20:44:48.365] [bmv2] [D] [thread 31377] [8.0] [cxt 0] Egress port is 0
[20:44:48.365] [bmv2] [D] [thread 31378] [8.0] [cxt 0] Pipeline 'egress': start
[20:44:48.365] [bmv2] [T] [thread 31378] [8.0] [cxt 0] ecn.p4(152) Condition "hdr.ipv4.ecn == 1 || hdr.ipv4.ecn == 2" (node_6) is false
[20:44:48.365] [bmv2] [T] [thread 31378] [8.0] [cxt 0] Applying table 'tbl_ecn162'
[20:44:48.365] [bmv2] [D] [thread 31378] [8.0] [cxt 0] Looking up key:

[20:44:48.365] [bmv2] [D] [thread 31378] [8.0] [cxt 0] Table 'tbl_ecn162': miss
[20:44:48.365] [bmv2] [D] [thread 31378] [8.0] [cxt 0] Action entry is ecn162 - 
[20:44:48.365] [bmv2] [T] [thread 31378] [8.0] [cxt 0] Action ecn162
[20:44:48.365] [bmv2] [T] [thread 31378] [8.0] [cxt 0] ecn.p4(162) Primitive source_ip_register.read(source_ip_register_value, 0)
[20:44:48.365] [bmv2] [T] [thread 31378] [8.0] [cxt 0] Read register 'MyEgress.source_ip_register' at index 0 read value 0
[20:44:48.365] [bmv2] [T] [thread 31378] [8.0] [cxt 0] ecn.p4(163) Primitive source_port_register.read(source_port_register_value, 0)
[20:44:48.365] [bmv2] [T] [thread 31378] [8.0] [cxt 0] Read register 'MyEgress.source_port_register' at index 0 read value 0
[20:44:48.365] [bmv2] [T] [thread 31378] [8.0] [cxt 0] ecn.p4(165) Condition "hdr.tcp.ctrl & 16 != 0 && hdr.ipv4.dstAddr == source_ip_register_value ..." (node_11) is false
[20:44:48.365] [bmv2] [T] [thread 31378] [8.0] [cxt 0] ecn.p4(171) Condition "hdr.tcp.ctrl & 16 != 0 && hdr.tcp.cwr == 1 && hdr.ipv4.srcAddr == source_ip_register_value" (node_13) is false
[20:44:48.365] [bmv2] [D] [thread 31378] [8.0] [cxt 0] Pipeline 'egress': end
[20:44:48.365] [bmv2] [D] [thread 31378] [8.0] [cxt 0] Deparser 'deparser': start
[20:44:48.365] [bmv2] [T] [thread 31378] [8.0] [cxt 0] Skipping checksum 'cksum' update because condition not met
[20:44:48.365] [bmv2] [D] [thread 31378] [8.0] [cxt 0] Deparsing header 'ethernet'
[20:44:48.365] [bmv2] [D] [thread 31378] [8.0] [cxt 0] Deparser 'deparser': end
[20:44:48.365] [bmv2] [D] [thread 31382] [8.0] [cxt 0] Transmitting packet of size 90 out of port 0
[20:44:48.492] [bmv2] [D] [thread 31377] [9.0] [cxt 0] Processing packet received on port 2
[20:44:48.492] [bmv2] [D] [thread 31377] [9.0] [cxt 0] Parser 'parser': start
[20:44:48.492] [bmv2] [D] [thread 31377] [9.0] [cxt 0] Parser 'parser' entering state 'start'
[20:44:48.492] [bmv2] [D] [thread 31377] [9.0] [cxt 0] Extracting header 'ethernet'
[20:44:48.492] [bmv2] [D] [thread 31377] [9.0] [cxt 0] Parser state 'start': key is 86dd
[20:44:48.492] [bmv2] [T] [thread 31377] [9.0] [cxt 0] Bytes parsed: 14
[20:44:48.492] [bmv2] [D] [thread 31377] [9.0] [cxt 0] Parser 'parser': end
[20:44:48.492] [bmv2] [D] [thread 31377] [9.0] [cxt 0] Pipeline 'ingress': start
[20:44:48.492] [bmv2] [T] [thread 31377] [9.0] [cxt 0] ecn.p4(133) Condition "hdr.ipv4.isValid()" (node_2) is false
[20:44:48.492] [bmv2] [D] [thread 31377] [9.0] [cxt 0] Pipeline 'ingress': end
[20:44:48.492] [bmv2] [D] [thread 31377] [9.0] [cxt 0] Egress port is 0
[20:44:48.492] [bmv2] [D] [thread 31378] [9.0] [cxt 0] Pipeline 'egress': start
[20:44:48.492] [bmv2] [T] [thread 31378] [9.0] [cxt 0] ecn.p4(152) Condition "hdr.ipv4.ecn == 1 || hdr.ipv4.ecn == 2" (node_6) is false
[20:44:48.492] [bmv2] [T] [thread 31378] [9.0] [cxt 0] Applying table 'tbl_ecn162'
[20:44:48.492] [bmv2] [D] [thread 31378] [9.0] [cxt 0] Looking up key:

[20:44:48.492] [bmv2] [D] [thread 31378] [9.0] [cxt 0] Table 'tbl_ecn162': miss
[20:44:48.492] [bmv2] [D] [thread 31378] [9.0] [cxt 0] Action entry is ecn162 - 
[20:44:48.492] [bmv2] [T] [thread 31378] [9.0] [cxt 0] Action ecn162
[20:44:48.492] [bmv2] [T] [thread 31378] [9.0] [cxt 0] ecn.p4(162) Primitive source_ip_register.read(source_ip_register_value, 0)
[20:44:48.492] [bmv2] [T] [thread 31378] [9.0] [cxt 0] Read register 'MyEgress.source_ip_register' at index 0 read value 0
[20:44:48.492] [bmv2] [T] [thread 31378] [9.0] [cxt 0] ecn.p4(163) Primitive source_port_register.read(source_port_register_value, 0)
[20:44:48.492] [bmv2] [T] [thread 31378] [9.0] [cxt 0] Read register 'MyEgress.source_port_register' at index 0 read value 0
[20:44:48.492] [bmv2] [T] [thread 31378] [9.0] [cxt 0] ecn.p4(165) Condition "hdr.tcp.ctrl & 16 != 0 && hdr.ipv4.dstAddr == source_ip_register_value ..." (node_11) is false
[20:44:48.492] [bmv2] [T] [thread 31378] [9.0] [cxt 0] ecn.p4(171) Condition "hdr.tcp.ctrl & 16 != 0 && hdr.tcp.cwr == 1 && hdr.ipv4.srcAddr == source_ip_register_value" (node_13) is false
[20:44:48.492] [bmv2] [D] [thread 31378] [9.0] [cxt 0] Pipeline 'egress': end
[20:44:48.492] [bmv2] [D] [thread 31378] [9.0] [cxt 0] Deparser 'deparser': start
[20:44:48.492] [bmv2] [T] [thread 31378] [9.0] [cxt 0] Skipping checksum 'cksum' update because condition not met
[20:44:48.492] [bmv2] [D] [thread 31378] [9.0] [cxt 0] Deparsing header 'ethernet'
[20:44:48.492] [bmv2] [D] [thread 31378] [9.0] [cxt 0] Deparser 'deparser': end
[20:44:48.492] [bmv2] [D] [thread 31382] [9.0] [cxt 0] Transmitting packet of size 90 out of port 0
[20:44:49.061] [bmv2] [W] [thread 31417] [P4Runtime] p4::tmp::P4DeviceConfig is deprecated
[20:44:49.061] [bmv2] [D] [thread 31417] Set default default entry for table 'MyIngress.ipv4_lpm': NoAction - 
[20:44:49.061] [bmv2] [D] [thread 31417] Set default default entry for table 'tbl_mark_ecn': MyEgress.mark_ecn - 
[20:44:49.061] [bmv2] [D] [thread 31417] Set default default entry for table 'tbl_ecn155': ecn155 - 
[20:44:49.061] [bmv2] [D] [thread 31417] Set default default entry for table 'tbl_ecn162': ecn162 - 
[20:44:49.061] [bmv2] [D] [thread 31417] Set default default entry for table 'tbl_ecn168': ecn168 - 
[20:44:49.062] [bmv2] [D] [thread 31417] Set default default entry for table 'tbl_ecn173': ecn173 - 
[20:44:49.062] [bmv2] [D] [thread 31417] simple_switch target has been notified of a config swap
[20:44:49.062] [bmv2] [D] [thread 31417] Entry 0 added to table 'MyIngress.ipv4_lpm'
[20:44:49.062] [bmv2] [D] [thread 31417] Dumping entry 0
Match key:
* hdr.ipv4.dstAddr    : LPM       0a000303/32
Action entry: MyIngress.ipv4_forward - 80000000303,1,

[20:44:49.063] [bmv2] [D] [thread 31417] Entry 1 added to table 'MyIngress.ipv4_lpm'
[20:44:49.063] [bmv2] [D] [thread 31417] Dumping entry 1
Match key:
* hdr.ipv4.dstAddr    : LPM       0a000100/24
Action entry: MyIngress.ipv4_forward - 80000000100,2,

[20:44:49.063] [bmv2] [D] [thread 31419] Entry 2 added to table 'MyIngress.ipv4_lpm'
[20:44:49.063] [bmv2] [D] [thread 31419] Dumping entry 2
Match key:
* hdr.ipv4.dstAddr    : LPM       0a000200/24
Action entry: MyIngress.ipv4_forward - 80000000200,3,

[20:44:51.373] [bmv2] [D] [thread 31377] [10.0] [cxt 0] Processing packet received on port 3
[20:44:51.373] [bmv2] [D] [thread 31377] [10.0] [cxt 0] Parser 'parser': start
[20:44:51.373] [bmv2] [D] [thread 31377] [10.0] [cxt 0] Parser 'parser' entering state 'start'
[20:44:51.373] [bmv2] [D] [thread 31377] [10.0] [cxt 0] Extracting header 'ethernet'
[20:44:51.373] [bmv2] [D] [thread 31377] [10.0] [cxt 0] Parser state 'start': key is 86dd
[20:44:51.373] [bmv2] [T] [thread 31377] [10.0] [cxt 0] Bytes parsed: 14
[20:44:51.373] [bmv2] [D] [thread 31377] [10.0] [cxt 0] Parser 'parser': end
[20:44:51.373] [bmv2] [D] [thread 31377] [10.0] [cxt 0] Pipeline 'ingress': start
[20:44:51.373] [bmv2] [T] [thread 31377] [10.0] [cxt 0] ecn.p4(133) Condition "hdr.ipv4.isValid()" (node_2) is false
[20:44:51.373] [bmv2] [D] [thread 31377] [10.0] [cxt 0] Pipeline 'ingress': end
[20:44:51.373] [bmv2] [D] [thread 31377] [10.0] [cxt 0] Egress port is 0
[20:44:51.373] [bmv2] [D] [thread 31377] [11.0] [cxt 0] Processing packet received on port 3
[20:44:51.373] [bmv2] [D] [thread 31377] [11.0] [cxt 0] Parser 'parser': start
[20:44:51.373] [bmv2] [D] [thread 31377] [11.0] [cxt 0] Parser 'parser' entering state 'start'
[20:44:51.373] [bmv2] [D] [thread 31377] [11.0] [cxt 0] Extracting header 'ethernet'
[20:44:51.373] [bmv2] [D] [thread 31377] [11.0] [cxt 0] Parser state 'start': key is 86dd
[20:44:51.373] [bmv2] [T] [thread 31377] [11.0] [cxt 0] Bytes parsed: 14
[20:44:51.373] [bmv2] [D] [thread 31377] [11.0] [cxt 0] Parser 'parser': end
[20:44:51.373] [bmv2] [D] [thread 31377] [11.0] [cxt 0] Pipeline 'ingress': start
[20:44:51.373] [bmv2] [T] [thread 31377] [11.0] [cxt 0] ecn.p4(133) Condition "hdr.ipv4.isValid()" (node_2) is false
[20:44:51.373] [bmv2] [D] [thread 31377] [11.0] [cxt 0] Pipeline 'ingress': end
[20:44:51.373] [bmv2] [D] [thread 31377] [11.0] [cxt 0] Egress port is 0
[20:44:51.374] [bmv2] [D] [thread 31378] [10.0] [cxt 0] Pipeline 'egress': start
[20:44:51.374] [bmv2] [T] [thread 31378] [10.0] [cxt 0] ecn.p4(152) Condition "hdr.ipv4.ecn == 1 || hdr.ipv4.ecn == 2" (node_6) is false
[20:44:51.374] [bmv2] [T] [thread 31378] [10.0] [cxt 0] Applying table 'tbl_ecn162'
[20:44:51.374] [bmv2] [D] [thread 31378] [10.0] [cxt 0] Looking up key:

[20:44:51.374] [bmv2] [D] [thread 31378] [10.0] [cxt 0] Table 'tbl_ecn162': miss
[20:44:51.374] [bmv2] [D] [thread 31378] [10.0] [cxt 0] Action entry is ecn162 - 
[20:44:51.374] [bmv2] [T] [thread 31378] [10.0] [cxt 0] Action ecn162
[20:44:51.374] [bmv2] [T] [thread 31378] [10.0] [cxt 0] ecn.p4(162) Primitive source_ip_register.read(source_ip_register_value, 0)
[20:44:51.374] [bmv2] [T] [thread 31378] [10.0] [cxt 0] Read register 'MyEgress.source_ip_register' at index 0 read value 0
[20:44:51.374] [bmv2] [T] [thread 31378] [10.0] [cxt 0] ecn.p4(163) Primitive source_port_register.read(source_port_register_value, 0)
[20:44:51.374] [bmv2] [T] [thread 31378] [10.0] [cxt 0] Read register 'MyEgress.source_port_register' at index 0 read value 0
[20:44:51.374] [bmv2] [T] [thread 31378] [10.0] [cxt 0] ecn.p4(165) Condition "hdr.tcp.ctrl & 16 != 0 && hdr.ipv4.dstAddr == source_ip_register_value ..." (node_11) is false
[20:44:51.374] [bmv2] [T] [thread 31378] [10.0] [cxt 0] ecn.p4(171) Condition "hdr.tcp.ctrl & 16 != 0 && hdr.tcp.cwr == 1 && hdr.ipv4.srcAddr == source_ip_register_value" (node_13) is false
[20:44:51.374] [bmv2] [D] [thread 31378] [10.0] [cxt 0] Pipeline 'egress': end
[20:44:51.374] [bmv2] [D] [thread 31378] [10.0] [cxt 0] Deparser 'deparser': start
[20:44:51.374] [bmv2] [T] [thread 31378] [10.0] [cxt 0] Skipping checksum 'cksum' update because condition not met
[20:44:51.374] [bmv2] [D] [thread 31378] [10.0] [cxt 0] Deparsing header 'ethernet'
[20:44:51.374] [bmv2] [D] [thread 31378] [10.0] [cxt 0] Deparser 'deparser': end
[20:44:51.374] [bmv2] [D] [thread 31378] [11.0] [cxt 0] Pipeline 'egress': start
[20:44:51.374] [bmv2] [T] [thread 31378] [11.0] [cxt 0] ecn.p4(152) Condition "hdr.ipv4.ecn == 1 || hdr.ipv4.ecn == 2" (node_6) is false
[20:44:51.374] [bmv2] [T] [thread 31378] [11.0] [cxt 0] Applying table 'tbl_ecn162'
[20:44:51.374] [bmv2] [D] [thread 31378] [11.0] [cxt 0] Looking up key:

[20:44:51.374] [bmv2] [D] [thread 31378] [11.0] [cxt 0] Table 'tbl_ecn162': miss
[20:44:51.374] [bmv2] [D] [thread 31378] [11.0] [cxt 0] Action entry is ecn162 - 
[20:44:51.374] [bmv2] [T] [thread 31378] [11.0] [cxt 0] Action ecn162
[20:44:51.374] [bmv2] [T] [thread 31378] [11.0] [cxt 0] ecn.p4(162) Primitive source_ip_register.read(source_ip_register_value, 0)
[20:44:51.374] [bmv2] [T] [thread 31378] [11.0] [cxt 0] Read register 'MyEgress.source_ip_register' at index 0 read value 0
[20:44:51.374] [bmv2] [T] [thread 31378] [11.0] [cxt 0] ecn.p4(163) Primitive source_port_register.read(source_port_register_value, 0)
[20:44:51.374] [bmv2] [T] [thread 31378] [11.0] [cxt 0] Read register 'MyEgress.source_port_register' at index 0 read value 0
[20:44:51.374] [bmv2] [T] [thread 31378] [11.0] [cxt 0] ecn.p4(165) Condition "hdr.tcp.ctrl & 16 != 0 && hdr.ipv4.dstAddr == source_ip_register_value ..." (node_11) is false
[20:44:51.374] [bmv2] [T] [thread 31378] [11.0] [cxt 0] ecn.p4(171) Condition "hdr.tcp.ctrl & 16 != 0 && hdr.tcp.cwr == 1 && hdr.ipv4.srcAddr == source_ip_register_value" (node_13) is false
[20:44:51.374] [bmv2] [D] [thread 31378] [11.0] [cxt 0] Pipeline 'egress': end
[20:44:51.374] [bmv2] [D] [thread 31378] [11.0] [cxt 0] Deparser 'deparser': start
[20:44:51.374] [bmv2] [T] [thread 31378] [11.0] [cxt 0] Skipping checksum 'cksum' update because condition not met
[20:44:51.374] [bmv2] [D] [thread 31378] [11.0] [cxt 0] Deparsing header 'ethernet'
[20:44:51.374] [bmv2] [D] [thread 31378] [11.0] [cxt 0] Deparser 'deparser': end
[20:44:51.374] [bmv2] [D] [thread 31382] [10.0] [cxt 0] Transmitting packet of size 70 out of port 0
[20:44:51.374] [bmv2] [D] [thread 31382] [11.0] [cxt 0] Transmitting packet of size 70 out of port 0
[20:44:51.628] [bmv2] [D] [thread 31377] [12.0] [cxt 0] Processing packet received on port 1
[20:44:51.628] [bmv2] [D] [thread 31377] [12.0] [cxt 0] Parser 'parser': start
[20:44:51.628] [bmv2] [D] [thread 31377] [12.0] [cxt 0] Parser 'parser' entering state 'start'
[20:44:51.628] [bmv2] [D] [thread 31377] [12.0] [cxt 0] Extracting header 'ethernet'
[20:44:51.628] [bmv2] [D] [thread 31377] [12.0] [cxt 0] Parser state 'start': key is 86dd
[20:44:51.628] [bmv2] [T] [thread 31377] [12.0] [cxt 0] Bytes parsed: 14
[20:44:51.628] [bmv2] [D] [thread 31377] [12.0] [cxt 0] Parser 'parser': end
[20:44:51.628] [bmv2] [D] [thread 31377] [12.0] [cxt 0] Pipeline 'ingress': start
[20:44:51.628] [bmv2] [T] [thread 31377] [12.0] [cxt 0] ecn.p4(133) Condition "hdr.ipv4.isValid()" (node_2) is false
[20:44:51.628] [bmv2] [D] [thread 31377] [12.0] [cxt 0] Pipeline 'ingress': end
[20:44:51.628] [bmv2] [D] [thread 31377] [12.0] [cxt 0] Egress port is 0
[20:44:51.628] [bmv2] [D] [thread 31378] [12.0] [cxt 0] Pipeline 'egress': start
[20:44:51.628] [bmv2] [T] [thread 31378] [12.0] [cxt 0] ecn.p4(152) Condition "hdr.ipv4.ecn == 1 || hdr.ipv4.ecn == 2" (node_6) is false
[20:44:51.628] [bmv2] [T] [thread 31378] [12.0] [cxt 0] Applying table 'tbl_ecn162'
[20:44:51.628] [bmv2] [D] [thread 31378] [12.0] [cxt 0] Looking up key:

[20:44:51.628] [bmv2] [D] [thread 31378] [12.0] [cxt 0] Table 'tbl_ecn162': miss
[20:44:51.628] [bmv2] [D] [thread 31378] [12.0] [cxt 0] Action entry is ecn162 - 
[20:44:51.628] [bmv2] [T] [thread 31378] [12.0] [cxt 0] Action ecn162
[20:44:51.628] [bmv2] [T] [thread 31378] [12.0] [cxt 0] ecn.p4(162) Primitive source_ip_register.read(source_ip_register_value, 0)
[20:44:51.628] [bmv2] [T] [thread 31378] [12.0] [cxt 0] Read register 'MyEgress.source_ip_register' at index 0 read value 0
[20:44:51.628] [bmv2] [T] [thread 31378] [12.0] [cxt 0] ecn.p4(163) Primitive source_port_register.read(source_port_register_value, 0)
[20:44:51.628] [bmv2] [T] [thread 31378] [12.0] [cxt 0] Read register 'MyEgress.source_port_register' at index 0 read value 0
[20:44:51.628] [bmv2] [T] [thread 31378] [12.0] [cxt 0] ecn.p4(165) Condition "hdr.tcp.ctrl & 16 != 0 && hdr.ipv4.dstAddr == source_ip_register_value ..." (node_11) is false
[20:44:51.628] [bmv2] [T] [thread 31378] [12.0] [cxt 0] ecn.p4(171) Condition "hdr.tcp.ctrl & 16 != 0 && hdr.tcp.cwr == 1 && hdr.ipv4.srcAddr == source_ip_register_value" (node_13) is false
[20:44:51.628] [bmv2] [D] [thread 31378] [12.0] [cxt 0] Pipeline 'egress': end
[20:44:51.628] [bmv2] [D] [thread 31378] [12.0] [cxt 0] Deparser 'deparser': start
[20:44:51.628] [bmv2] [T] [thread 31378] [12.0] [cxt 0] Skipping checksum 'cksum' update because condition not met
[20:44:51.628] [bmv2] [D] [thread 31378] [12.0] [cxt 0] Deparsing header 'ethernet'
[20:44:51.628] [bmv2] [D] [thread 31378] [12.0] [cxt 0] Deparser 'deparser': end
[20:44:51.628] [bmv2] [D] [thread 31382] [12.0] [cxt 0] Transmitting packet of size 70 out of port 0
[20:44:52.142] [bmv2] [D] [thread 31377] [13.0] [cxt 0] Processing packet received on port 2
[20:44:52.142] [bmv2] [D] [thread 31377] [13.0] [cxt 0] Parser 'parser': start
[20:44:52.142] [bmv2] [D] [thread 31377] [13.0] [cxt 0] Parser 'parser' entering state 'start'
[20:44:52.142] [bmv2] [D] [thread 31377] [13.0] [cxt 0] Extracting header 'ethernet'
[20:44:52.142] [bmv2] [D] [thread 31377] [13.0] [cxt 0] Parser state 'start': key is 86dd
[20:44:52.142] [bmv2] [T] [thread 31377] [13.0] [cxt 0] Bytes parsed: 14
[20:44:52.142] [bmv2] [D] [thread 31377] [13.0] [cxt 0] Parser 'parser': end
[20:44:52.142] [bmv2] [D] [thread 31377] [13.0] [cxt 0] Pipeline 'ingress': start
[20:44:52.142] [bmv2] [T] [thread 31377] [13.0] [cxt 0] ecn.p4(133) Condition "hdr.ipv4.isValid()" (node_2) is false
[20:44:52.142] [bmv2] [D] [thread 31377] [13.0] [cxt 0] Pipeline 'ingress': end
[20:44:52.142] [bmv2] [D] [thread 31377] [13.0] [cxt 0] Egress port is 0
[20:44:52.142] [bmv2] [D] [thread 31377] [14.0] [cxt 0] Processing packet received on port 2
[20:44:52.142] [bmv2] [D] [thread 31377] [14.0] [cxt 0] Parser 'parser': start
[20:44:52.142] [bmv2] [D] [thread 31377] [14.0] [cxt 0] Parser 'parser' entering state 'start'
[20:44:52.142] [bmv2] [D] [thread 31377] [14.0] [cxt 0] Extracting header 'ethernet'
[20:44:52.142] [bmv2] [D] [thread 31377] [14.0] [cxt 0] Parser state 'start': key is 86dd
[20:44:52.142] [bmv2] [T] [thread 31377] [14.0] [cxt 0] Bytes parsed: 14
[20:44:52.142] [bmv2] [D] [thread 31377] [14.0] [cxt 0] Parser 'parser': end
[20:44:52.142] [bmv2] [D] [thread 31377] [14.0] [cxt 0] Pipeline 'ingress': start
[20:44:52.142] [bmv2] [T] [thread 31377] [14.0] [cxt 0] ecn.p4(133) Condition "hdr.ipv4.isValid()" (node_2) is false
[20:44:52.142] [bmv2] [D] [thread 31377] [14.0] [cxt 0] Pipeline 'ingress': end
[20:44:52.142] [bmv2] [D] [thread 31377] [14.0] [cxt 0] Egress port is 0
[20:44:52.142] [bmv2] [D] [thread 31378] [13.0] [cxt 0] Pipeline 'egress': start
[20:44:52.142] [bmv2] [T] [thread 31378] [13.0] [cxt 0] ecn.p4(152) Condition "hdr.ipv4.ecn == 1 || hdr.ipv4.ecn == 2" (node_6) is false
[20:44:52.142] [bmv2] [T] [thread 31378] [13.0] [cxt 0] Applying table 'tbl_ecn162'
[20:44:52.142] [bmv2] [D] [thread 31378] [13.0] [cxt 0] Looking up key:

[20:44:52.142] [bmv2] [D] [thread 31378] [13.0] [cxt 0] Table 'tbl_ecn162': miss
[20:44:52.142] [bmv2] [D] [thread 31378] [13.0] [cxt 0] Action entry is ecn162 - 
[20:44:52.142] [bmv2] [T] [thread 31378] [13.0] [cxt 0] Action ecn162
[20:44:52.142] [bmv2] [T] [thread 31378] [13.0] [cxt 0] ecn.p4(162) Primitive source_ip_register.read(source_ip_register_value, 0)
[20:44:52.142] [bmv2] [T] [thread 31378] [13.0] [cxt 0] Read register 'MyEgress.source_ip_register' at index 0 read value 0
[20:44:52.142] [bmv2] [T] [thread 31378] [13.0] [cxt 0] ecn.p4(163) Primitive source_port_register.read(source_port_register_value, 0)
[20:44:52.142] [bmv2] [T] [thread 31378] [13.0] [cxt 0] Read register 'MyEgress.source_port_register' at index 0 read value 0
[20:44:52.142] [bmv2] [T] [thread 31378] [13.0] [cxt 0] ecn.p4(165) Condition "hdr.tcp.ctrl & 16 != 0 && hdr.ipv4.dstAddr == source_ip_register_value ..." (node_11) is false
[20:44:52.142] [bmv2] [T] [thread 31378] [13.0] [cxt 0] ecn.p4(171) Condition "hdr.tcp.ctrl & 16 != 0 && hdr.tcp.cwr == 1 && hdr.ipv4.srcAddr == source_ip_register_value" (node_13) is false
[20:44:52.142] [bmv2] [D] [thread 31378] [13.0] [cxt 0] Pipeline 'egress': end
[20:44:52.143] [bmv2] [D] [thread 31378] [13.0] [cxt 0] Deparser 'deparser': start
[20:44:52.143] [bmv2] [T] [thread 31378] [13.0] [cxt 0] Skipping checksum 'cksum' update because condition not met
[20:44:52.143] [bmv2] [D] [thread 31378] [13.0] [cxt 0] Deparsing header 'ethernet'
[20:44:52.143] [bmv2] [D] [thread 31378] [13.0] [cxt 0] Deparser 'deparser': end
[20:44:52.143] [bmv2] [D] [thread 31378] [14.0] [cxt 0] Pipeline 'egress': start
[20:44:52.143] [bmv2] [T] [thread 31378] [14.0] [cxt 0] ecn.p4(152) Condition "hdr.ipv4.ecn == 1 || hdr.ipv4.ecn == 2" (node_6) is false
[20:44:52.143] [bmv2] [T] [thread 31378] [14.0] [cxt 0] Applying table 'tbl_ecn162'
[20:44:52.143] [bmv2] [D] [thread 31378] [14.0] [cxt 0] Looking up key:

[20:44:52.143] [bmv2] [D] [thread 31378] [14.0] [cxt 0] Table 'tbl_ecn162': miss
[20:44:52.143] [bmv2] [D] [thread 31378] [14.0] [cxt 0] Action entry is ecn162 - 
[20:44:52.143] [bmv2] [T] [thread 31378] [14.0] [cxt 0] Action ecn162
[20:44:52.143] [bmv2] [T] [thread 31378] [14.0] [cxt 0] ecn.p4(162) Primitive source_ip_register.read(source_ip_register_value, 0)
[20:44:52.143] [bmv2] [T] [thread 31378] [14.0] [cxt 0] Read register 'MyEgress.source_ip_register' at index 0 read value 0
[20:44:52.143] [bmv2] [T] [thread 31378] [14.0] [cxt 0] ecn.p4(163) Primitive source_port_register.read(source_port_register_value, 0)
[20:44:52.143] [bmv2] [T] [thread 31378] [14.0] [cxt 0] Read register 'MyEgress.source_port_register' at index 0 read value 0
[20:44:52.143] [bmv2] [T] [thread 31378] [14.0] [cxt 0] ecn.p4(165) Condition "hdr.tcp.ctrl & 16 != 0 && hdr.ipv4.dstAddr == source_ip_register_value ..." (node_11) is false
[20:44:52.143] [bmv2] [T] [thread 31378] [14.0] [cxt 0] ecn.p4(171) Condition "hdr.tcp.ctrl & 16 != 0 && hdr.tcp.cwr == 1 && hdr.ipv4.srcAddr == source_ip_register_value" (node_13) is false
[20:44:52.143] [bmv2] [D] [thread 31378] [14.0] [cxt 0] Pipeline 'egress': end
[20:44:52.143] [bmv2] [D] [thread 31378] [14.0] [cxt 0] Deparser 'deparser': start
[20:44:52.143] [bmv2] [T] [thread 31378] [14.0] [cxt 0] Skipping checksum 'cksum' update because condition not met
[20:44:52.143] [bmv2] [D] [thread 31378] [14.0] [cxt 0] Deparsing header 'ethernet'
[20:44:52.143] [bmv2] [D] [thread 31378] [14.0] [cxt 0] Deparser 'deparser': end
[20:44:52.143] [bmv2] [D] [thread 31382] [13.0] [cxt 0] Transmitting packet of size 70 out of port 0
[20:44:52.143] [bmv2] [D] [thread 31382] [14.0] [cxt 0] Transmitting packet of size 70 out of port 0
[20:44:59.055] [bmv2] [D] [thread 31377] [15.0] [cxt 0] Processing packet received on port 1
[20:44:59.055] [bmv2] [D] [thread 31377] [15.0] [cxt 0] Parser 'parser': start
[20:44:59.055] [bmv2] [D] [thread 31377] [15.0] [cxt 0] Parser 'parser' entering state 'start'
[20:44:59.055] [bmv2] [D] [thread 31377] [15.0] [cxt 0] Extracting header 'ethernet'
[20:44:59.055] [bmv2] [D] [thread 31377] [15.0] [cxt 0] Parser state 'start': key is 86dd
[20:44:59.055] [bmv2] [T] [thread 31377] [15.0] [cxt 0] Bytes parsed: 14
[20:44:59.055] [bmv2] [D] [thread 31377] [15.0] [cxt 0] Parser 'parser': end
[20:44:59.055] [bmv2] [D] [thread 31377] [15.0] [cxt 0] Pipeline 'ingress': start
[20:44:59.055] [bmv2] [T] [thread 31377] [15.0] [cxt 0] ecn.p4(133) Condition "hdr.ipv4.isValid()" (node_2) is false
[20:44:59.055] [bmv2] [D] [thread 31377] [15.0] [cxt 0] Pipeline 'ingress': end
[20:44:59.055] [bmv2] [D] [thread 31377] [15.0] [cxt 0] Egress port is 0
[20:44:59.055] [bmv2] [D] [thread 31377] [16.0] [cxt 0] Processing packet received on port 3
[20:44:59.055] [bmv2] [D] [thread 31377] [16.0] [cxt 0] Parser 'parser': start
[20:44:59.055] [bmv2] [D] [thread 31377] [16.0] [cxt 0] Parser 'parser' entering state 'start'
[20:44:59.055] [bmv2] [D] [thread 31377] [16.0] [cxt 0] Extracting header 'ethernet'
[20:44:59.055] [bmv2] [D] [thread 31377] [16.0] [cxt 0] Parser state 'start': key is 86dd
[20:44:59.055] [bmv2] [T] [thread 31377] [16.0] [cxt 0] Bytes parsed: 14
[20:44:59.055] [bmv2] [D] [thread 31377] [16.0] [cxt 0] Parser 'parser': end
[20:44:59.055] [bmv2] [D] [thread 31377] [16.0] [cxt 0] Pipeline 'ingress': start
[20:44:59.055] [bmv2] [T] [thread 31377] [16.0] [cxt 0] ecn.p4(133) Condition "hdr.ipv4.isValid()" (node_2) is false
[20:44:59.055] [bmv2] [D] [thread 31377] [16.0] [cxt 0] Pipeline 'ingress': end
[20:44:59.055] [bmv2] [D] [thread 31377] [16.0] [cxt 0] Egress port is 0
[20:44:59.055] [bmv2] [D] [thread 31377] [17.0] [cxt 0] Processing packet received on port 3
[20:44:59.055] [bmv2] [D] [thread 31377] [17.0] [cxt 0] Parser 'parser': start
[20:44:59.055] [bmv2] [D] [thread 31377] [17.0] [cxt 0] Parser 'parser' entering state 'start'
[20:44:59.055] [bmv2] [D] [thread 31377] [17.0] [cxt 0] Extracting header 'ethernet'
[20:44:59.055] [bmv2] [D] [thread 31377] [17.0] [cxt 0] Parser state 'start': key is 86dd
[20:44:59.055] [bmv2] [T] [thread 31377] [17.0] [cxt 0] Bytes parsed: 14
[20:44:59.055] [bmv2] [D] [thread 31377] [17.0] [cxt 0] Parser 'parser': end
[20:44:59.055] [bmv2] [D] [thread 31377] [17.0] [cxt 0] Pipeline 'ingress': start
[20:44:59.055] [bmv2] [T] [thread 31377] [17.0] [cxt 0] ecn.p4(133) Condition "hdr.ipv4.isValid()" (node_2) is false
[20:44:59.055] [bmv2] [D] [thread 31377] [17.0] [cxt 0] Pipeline 'ingress': end
[20:44:59.055] [bmv2] [D] [thread 31377] [17.0] [cxt 0] Egress port is 0
[20:44:59.055] [bmv2] [D] [thread 31378] [15.0] [cxt 0] Pipeline 'egress': start
[20:44:59.055] [bmv2] [T] [thread 31378] [15.0] [cxt 0] ecn.p4(152) Condition "hdr.ipv4.ecn == 1 || hdr.ipv4.ecn == 2" (node_6) is false
[20:44:59.055] [bmv2] [T] [thread 31378] [15.0] [cxt 0] Applying table 'tbl_ecn162'
[20:44:59.055] [bmv2] [D] [thread 31378] [15.0] [cxt 0] Looking up key:

[20:44:59.055] [bmv2] [D] [thread 31378] [15.0] [cxt 0] Table 'tbl_ecn162': miss
[20:44:59.055] [bmv2] [D] [thread 31378] [15.0] [cxt 0] Action entry is ecn162 - 
[20:44:59.055] [bmv2] [T] [thread 31378] [15.0] [cxt 0] Action ecn162
[20:44:59.055] [bmv2] [T] [thread 31378] [15.0] [cxt 0] ecn.p4(162) Primitive source_ip_register.read(source_ip_register_value, 0)
[20:44:59.055] [bmv2] [T] [thread 31378] [15.0] [cxt 0] Read register 'MyEgress.source_ip_register' at index 0 read value 0
[20:44:59.055] [bmv2] [T] [thread 31378] [15.0] [cxt 0] ecn.p4(163) Primitive source_port_register.read(source_port_register_value, 0)
[20:44:59.055] [bmv2] [T] [thread 31378] [15.0] [cxt 0] Read register 'MyEgress.source_port_register' at index 0 read value 0
[20:44:59.055] [bmv2] [T] [thread 31378] [15.0] [cxt 0] ecn.p4(165) Condition "hdr.tcp.ctrl & 16 != 0 && hdr.ipv4.dstAddr == source_ip_register_value ..." (node_11) is false
[20:44:59.055] [bmv2] [T] [thread 31378] [15.0] [cxt 0] ecn.p4(171) Condition "hdr.tcp.ctrl & 16 != 0 && hdr.tcp.cwr == 1 && hdr.ipv4.srcAddr == source_ip_register_value" (node_13) is false
[20:44:59.055] [bmv2] [D] [thread 31378] [15.0] [cxt 0] Pipeline 'egress': end
[20:44:59.055] [bmv2] [D] [thread 31378] [15.0] [cxt 0] Deparser 'deparser': start
[20:44:59.055] [bmv2] [T] [thread 31378] [15.0] [cxt 0] Skipping checksum 'cksum' update because condition not met
[20:44:59.055] [bmv2] [D] [thread 31378] [15.0] [cxt 0] Deparsing header 'ethernet'
[20:44:59.055] [bmv2] [D] [thread 31378] [15.0] [cxt 0] Deparser 'deparser': end
[20:44:59.055] [bmv2] [D] [thread 31378] [16.0] [cxt 0] Pipeline 'egress': start
[20:44:59.055] [bmv2] [T] [thread 31378] [16.0] [cxt 0] ecn.p4(152) Condition "hdr.ipv4.ecn == 1 || hdr.ipv4.ecn == 2" (node_6) is false
[20:44:59.055] [bmv2] [T] [thread 31378] [16.0] [cxt 0] Applying table 'tbl_ecn162'
[20:44:59.055] [bmv2] [D] [thread 31378] [16.0] [cxt 0] Looking up key:

[20:44:59.055] [bmv2] [D] [thread 31378] [16.0] [cxt 0] Table 'tbl_ecn162': miss
[20:44:59.055] [bmv2] [D] [thread 31378] [16.0] [cxt 0] Action entry is ecn162 - 
[20:44:59.055] [bmv2] [T] [thread 31378] [16.0] [cxt 0] Action ecn162
[20:44:59.055] [bmv2] [T] [thread 31378] [16.0] [cxt 0] ecn.p4(162) Primitive source_ip_register.read(source_ip_register_value, 0)
[20:44:59.055] [bmv2] [T] [thread 31378] [16.0] [cxt 0] Read register 'MyEgress.source_ip_register' at index 0 read value 0
[20:44:59.055] [bmv2] [T] [thread 31378] [16.0] [cxt 0] ecn.p4(163) Primitive source_port_register.read(source_port_register_value, 0)
[20:44:59.055] [bmv2] [T] [thread 31378] [16.0] [cxt 0] Read register 'MyEgress.source_port_register' at index 0 read value 0
[20:44:59.055] [bmv2] [T] [thread 31378] [16.0] [cxt 0] ecn.p4(165) Condition "hdr.tcp.ctrl & 16 != 0 && hdr.ipv4.dstAddr == source_ip_register_value ..." (node_11) is false
[20:44:59.055] [bmv2] [T] [thread 31378] [16.0] [cxt 0] ecn.p4(171) Condition "hdr.tcp.ctrl & 16 != 0 && hdr.tcp.cwr == 1 && hdr.ipv4.srcAddr == source_ip_register_value" (node_13) is false
[20:44:59.055] [bmv2] [D] [thread 31378] [16.0] [cxt 0] Pipeline 'egress': end
[20:44:59.055] [bmv2] [D] [thread 31378] [16.0] [cxt 0] Deparser 'deparser': start
[20:44:59.055] [bmv2] [T] [thread 31378] [16.0] [cxt 0] Skipping checksum 'cksum' update because condition not met
[20:44:59.055] [bmv2] [D] [thread 31378] [16.0] [cxt 0] Deparsing header 'ethernet'
[20:44:59.055] [bmv2] [D] [thread 31378] [16.0] [cxt 0] Deparser 'deparser': end
[20:44:59.055] [bmv2] [D] [thread 31378] [17.0] [cxt 0] Pipeline 'egress': start
[20:44:59.055] [bmv2] [T] [thread 31378] [17.0] [cxt 0] ecn.p4(152) Condition "hdr.ipv4.ecn == 1 || hdr.ipv4.ecn == 2" (node_6) is false
[20:44:59.055] [bmv2] [T] [thread 31378] [17.0] [cxt 0] Applying table 'tbl_ecn162'
[20:44:59.055] [bmv2] [D] [thread 31378] [17.0] [cxt 0] Looking up key:

[20:44:59.055] [bmv2] [D] [thread 31378] [17.0] [cxt 0] Table 'tbl_ecn162': miss
[20:44:59.055] [bmv2] [D] [thread 31378] [17.0] [cxt 0] Action entry is ecn162 - 
[20:44:59.055] [bmv2] [T] [thread 31378] [17.0] [cxt 0] Action ecn162
[20:44:59.055] [bmv2] [T] [thread 31378] [17.0] [cxt 0] ecn.p4(162) Primitive source_ip_register.read(source_ip_register_value, 0)
[20:44:59.055] [bmv2] [T] [thread 31378] [17.0] [cxt 0] Read register 'MyEgress.source_ip_register' at index 0 read value 0
[20:44:59.055] [bmv2] [T] [thread 31378] [17.0] [cxt 0] ecn.p4(163) Primitive source_port_register.read(source_port_register_value, 0)
[20:44:59.055] [bmv2] [T] [thread 31378] [17.0] [cxt 0] Read register 'MyEgress.source_port_register' at index 0 read value 0
[20:44:59.055] [bmv2] [D] [thread 31382] [15.0] [cxt 0] Transmitting packet of size 70 out of port 0
[20:44:59.055] [bmv2] [T] [thread 31378] [17.0] [cxt 0] ecn.p4(165) Condition "hdr.tcp.ctrl & 16 != 0 && hdr.ipv4.dstAddr == source_ip_register_value ..." (node_11) is false
[20:44:59.055] [bmv2] [D] [thread 31382] [16.0] [cxt 0] Transmitting packet of size 70 out of port 0
[20:44:59.055] [bmv2] [T] [thread 31378] [17.0] [cxt 0] ecn.p4(171) Condition "hdr.tcp.ctrl & 16 != 0 && hdr.tcp.cwr == 1 && hdr.ipv4.srcAddr == source_ip_register_value" (node_13) is false
[20:44:59.055] [bmv2] [D] [thread 31378] [17.0] [cxt 0] Pipeline 'egress': end
[20:44:59.055] [bmv2] [D] [thread 31378] [17.0] [cxt 0] Deparser 'deparser': start
[20:44:59.055] [bmv2] [T] [thread 31378] [17.0] [cxt 0] Skipping checksum 'cksum' update because condition not met
[20:44:59.055] [bmv2] [D] [thread 31378] [17.0] [cxt 0] Deparsing header 'ethernet'
[20:44:59.055] [bmv2] [D] [thread 31378] [17.0] [cxt 0] Deparser 'deparser': end
[20:44:59.055] [bmv2] [D] [thread 31382] [17.0] [cxt 0] Transmitting packet of size 70 out of port 0
[20:45:00.845] [bmv2] [D] [thread 31377] [18.0] [cxt 0] Processing packet received on port 2
[20:45:00.845] [bmv2] [D] [thread 31377] [18.0] [cxt 0] Parser 'parser': start
[20:45:00.845] [bmv2] [D] [thread 31377] [18.0] [cxt 0] Parser 'parser' entering state 'start'
[20:45:00.845] [bmv2] [D] [thread 31377] [18.0] [cxt 0] Extracting header 'ethernet'
[20:45:00.845] [bmv2] [D] [thread 31377] [18.0] [cxt 0] Parser state 'start': key is 86dd
[20:45:00.845] [bmv2] [T] [thread 31377] [18.0] [cxt 0] Bytes parsed: 14
[20:45:00.845] [bmv2] [D] [thread 31377] [18.0] [cxt 0] Parser 'parser': end
[20:45:00.845] [bmv2] [D] [thread 31377] [18.0] [cxt 0] Pipeline 'ingress': start
[20:45:00.845] [bmv2] [T] [thread 31377] [18.0] [cxt 0] ecn.p4(133) Condition "hdr.ipv4.isValid()" (node_2) is false
[20:45:00.845] [bmv2] [D] [thread 31377] [18.0] [cxt 0] Pipeline 'ingress': end
[20:45:00.845] [bmv2] [D] [thread 31377] [18.0] [cxt 0] Egress port is 0
[20:45:00.845] [bmv2] [D] [thread 31378] [18.0] [cxt 0] Pipeline 'egress': start
[20:45:00.845] [bmv2] [T] [thread 31378] [18.0] [cxt 0] ecn.p4(152) Condition "hdr.ipv4.ecn == 1 || hdr.ipv4.ecn == 2" (node_6) is false
[20:45:00.845] [bmv2] [T] [thread 31378] [18.0] [cxt 0] Applying table 'tbl_ecn162'
[20:45:00.845] [bmv2] [D] [thread 31378] [18.0] [cxt 0] Looking up key:

[20:45:00.845] [bmv2] [D] [thread 31378] [18.0] [cxt 0] Table 'tbl_ecn162': miss
[20:45:00.845] [bmv2] [D] [thread 31378] [18.0] [cxt 0] Action entry is ecn162 - 
[20:45:00.845] [bmv2] [T] [thread 31378] [18.0] [cxt 0] Action ecn162
[20:45:00.845] [bmv2] [T] [thread 31378] [18.0] [cxt 0] ecn.p4(162) Primitive source_ip_register.read(source_ip_register_value, 0)
[20:45:00.845] [bmv2] [T] [thread 31378] [18.0] [cxt 0] Read register 'MyEgress.source_ip_register' at index 0 read value 0
[20:45:00.845] [bmv2] [T] [thread 31378] [18.0] [cxt 0] ecn.p4(163) Primitive source_port_register.read(source_port_register_value, 0)
[20:45:00.845] [bmv2] [T] [thread 31378] [18.0] [cxt 0] Read register 'MyEgress.source_port_register' at index 0 read value 0
[20:45:00.845] [bmv2] [T] [thread 31378] [18.0] [cxt 0] ecn.p4(165) Condition "hdr.tcp.ctrl & 16 != 0 && hdr.ipv4.dstAddr == source_ip_register_value ..." (node_11) is false
[20:45:00.845] [bmv2] [T] [thread 31378] [18.0] [cxt 0] ecn.p4(171) Condition "hdr.tcp.ctrl & 16 != 0 && hdr.tcp.cwr == 1 && hdr.ipv4.srcAddr == source_ip_register_value" (node_13) is false
[20:45:00.845] [bmv2] [D] [thread 31378] [18.0] [cxt 0] Pipeline 'egress': end
[20:45:00.845] [bmv2] [D] [thread 31378] [18.0] [cxt 0] Deparser 'deparser': start
[20:45:00.845] [bmv2] [T] [thread 31378] [18.0] [cxt 0] Skipping checksum 'cksum' update because condition not met
[20:45:00.845] [bmv2] [D] [thread 31378] [18.0] [cxt 0] Deparsing header 'ethernet'
[20:45:00.845] [bmv2] [D] [thread 31378] [18.0] [cxt 0] Deparser 'deparser': end
[20:45:00.845] [bmv2] [D] [thread 31382] [18.0] [cxt 0] Transmitting packet of size 70 out of port 0
[20:45:01.101] [bmv2] [D] [thread 31377] [19.0] [cxt 0] Processing packet received on port 2
[20:45:01.101] [bmv2] [D] [thread 31377] [19.0] [cxt 0] Parser 'parser': start
[20:45:01.101] [bmv2] [D] [thread 31377] [19.0] [cxt 0] Parser 'parser' entering state 'start'
[20:45:01.101] [bmv2] [D] [thread 31377] [19.0] [cxt 0] Extracting header 'ethernet'
[20:45:01.101] [bmv2] [D] [thread 31377] [19.0] [cxt 0] Parser state 'start': key is 86dd
[20:45:01.101] [bmv2] [T] [thread 31377] [19.0] [cxt 0] Bytes parsed: 14
[20:45:01.101] [bmv2] [D] [thread 31377] [19.0] [cxt 0] Parser 'parser': end
[20:45:01.101] [bmv2] [D] [thread 31377] [19.0] [cxt 0] Pipeline 'ingress': start
[20:45:01.101] [bmv2] [T] [thread 31377] [19.0] [cxt 0] ecn.p4(133) Condition "hdr.ipv4.isValid()" (node_2) is false
[20:45:01.101] [bmv2] [D] [thread 31377] [19.0] [cxt 0] Pipeline 'ingress': end
[20:45:01.101] [bmv2] [D] [thread 31377] [19.0] [cxt 0] Egress port is 0
[20:45:01.101] [bmv2] [D] [thread 31378] [19.0] [cxt 0] Pipeline 'egress': start
[20:45:01.101] [bmv2] [T] [thread 31378] [19.0] [cxt 0] ecn.p4(152) Condition "hdr.ipv4.ecn == 1 || hdr.ipv4.ecn == 2" (node_6) is false
[20:45:01.101] [bmv2] [T] [thread 31378] [19.0] [cxt 0] Applying table 'tbl_ecn162'
[20:45:01.101] [bmv2] [D] [thread 31378] [19.0] [cxt 0] Looking up key:

[20:45:01.101] [bmv2] [D] [thread 31378] [19.0] [cxt 0] Table 'tbl_ecn162': miss
[20:45:01.101] [bmv2] [D] [thread 31378] [19.0] [cxt 0] Action entry is ecn162 - 
[20:45:01.101] [bmv2] [T] [thread 31378] [19.0] [cxt 0] Action ecn162
[20:45:01.101] [bmv2] [T] [thread 31378] [19.0] [cxt 0] ecn.p4(162) Primitive source_ip_register.read(source_ip_register_value, 0)
[20:45:01.101] [bmv2] [T] [thread 31378] [19.0] [cxt 0] Read register 'MyEgress.source_ip_register' at index 0 read value 0
[20:45:01.101] [bmv2] [T] [thread 31378] [19.0] [cxt 0] ecn.p4(163) Primitive source_port_register.read(source_port_register_value, 0)
[20:45:01.101] [bmv2] [T] [thread 31378] [19.0] [cxt 0] Read register 'MyEgress.source_port_register' at index 0 read value 0
[20:45:01.101] [bmv2] [T] [thread 31378] [19.0] [cxt 0] ecn.p4(165) Condition "hdr.tcp.ctrl & 16 != 0 && hdr.ipv4.dstAddr == source_ip_register_value ..." (node_11) is false
[20:45:01.101] [bmv2] [T] [thread 31378] [19.0] [cxt 0] ecn.p4(171) Condition "hdr.tcp.ctrl & 16 != 0 && hdr.tcp.cwr == 1 && hdr.ipv4.srcAddr == source_ip_register_value" (node_13) is false
[20:45:01.101] [bmv2] [D] [thread 31378] [19.0] [cxt 0] Pipeline 'egress': end
[20:45:01.101] [bmv2] [D] [thread 31378] [19.0] [cxt 0] Deparser 'deparser': start
[20:45:01.101] [bmv2] [T] [thread 31378] [19.0] [cxt 0] Skipping checksum 'cksum' update because condition not met
[20:45:01.101] [bmv2] [D] [thread 31378] [19.0] [cxt 0] Deparsing header 'ethernet'
[20:45:01.101] [bmv2] [D] [thread 31378] [19.0] [cxt 0] Deparser 'deparser': end
[20:45:01.101] [bmv2] [D] [thread 31382] [19.0] [cxt 0] Transmitting packet of size 70 out of port 0
[20:45:13.645] [bmv2] [D] [thread 31377] [20.0] [cxt 0] Processing packet received on port 3
[20:45:13.645] [bmv2] [D] [thread 31377] [20.0] [cxt 0] Parser 'parser': start
[20:45:13.645] [bmv2] [D] [thread 31377] [20.0] [cxt 0] Parser 'parser' entering state 'start'
[20:45:13.645] [bmv2] [D] [thread 31377] [20.0] [cxt 0] Extracting header 'ethernet'
[20:45:13.645] [bmv2] [D] [thread 31377] [20.0] [cxt 0] Parser state 'start': key is 86dd
[20:45:13.645] [bmv2] [T] [thread 31377] [20.0] [cxt 0] Bytes parsed: 14
[20:45:13.645] [bmv2] [D] [thread 31377] [20.0] [cxt 0] Parser 'parser': end
[20:45:13.645] [bmv2] [D] [thread 31377] [20.0] [cxt 0] Pipeline 'ingress': start
[20:45:13.645] [bmv2] [T] [thread 31377] [20.0] [cxt 0] ecn.p4(133) Condition "hdr.ipv4.isValid()" (node_2) is false
[20:45:13.645] [bmv2] [D] [thread 31377] [20.0] [cxt 0] Pipeline 'ingress': end
[20:45:13.645] [bmv2] [D] [thread 31377] [20.0] [cxt 0] Egress port is 0
[20:45:13.645] [bmv2] [D] [thread 31378] [20.0] [cxt 0] Pipeline 'egress': start
[20:45:13.645] [bmv2] [T] [thread 31378] [20.0] [cxt 0] ecn.p4(152) Condition "hdr.ipv4.ecn == 1 || hdr.ipv4.ecn == 2" (node_6) is false
[20:45:13.645] [bmv2] [T] [thread 31378] [20.0] [cxt 0] Applying table 'tbl_ecn162'
[20:45:13.645] [bmv2] [D] [thread 31378] [20.0] [cxt 0] Looking up key:

[20:45:13.645] [bmv2] [D] [thread 31378] [20.0] [cxt 0] Table 'tbl_ecn162': miss
[20:45:13.645] [bmv2] [D] [thread 31378] [20.0] [cxt 0] Action entry is ecn162 - 
[20:45:13.645] [bmv2] [T] [thread 31378] [20.0] [cxt 0] Action ecn162
[20:45:13.645] [bmv2] [T] [thread 31378] [20.0] [cxt 0] ecn.p4(162) Primitive source_ip_register.read(source_ip_register_value, 0)
[20:45:13.645] [bmv2] [T] [thread 31378] [20.0] [cxt 0] Read register 'MyEgress.source_ip_register' at index 0 read value 0
[20:45:13.645] [bmv2] [T] [thread 31378] [20.0] [cxt 0] ecn.p4(163) Primitive source_port_register.read(source_port_register_value, 0)
[20:45:13.645] [bmv2] [T] [thread 31378] [20.0] [cxt 0] Read register 'MyEgress.source_port_register' at index 0 read value 0
[20:45:13.645] [bmv2] [T] [thread 31378] [20.0] [cxt 0] ecn.p4(165) Condition "hdr.tcp.ctrl & 16 != 0 && hdr.ipv4.dstAddr == source_ip_register_value ..." (node_11) is false
[20:45:13.645] [bmv2] [T] [thread 31378] [20.0] [cxt 0] ecn.p4(171) Condition "hdr.tcp.ctrl & 16 != 0 && hdr.tcp.cwr == 1 && hdr.ipv4.srcAddr == source_ip_register_value" (node_13) is false
[20:45:13.645] [bmv2] [D] [thread 31378] [20.0] [cxt 0] Pipeline 'egress': end
[20:45:13.645] [bmv2] [D] [thread 31378] [20.0] [cxt 0] Deparser 'deparser': start
[20:45:13.645] [bmv2] [T] [thread 31378] [20.0] [cxt 0] Skipping checksum 'cksum' update because condition not met
[20:45:13.645] [bmv2] [D] [thread 31378] [20.0] [cxt 0] Deparsing header 'ethernet'
[20:45:13.645] [bmv2] [D] [thread 31378] [20.0] [cxt 0] Deparser 'deparser': end
[20:45:13.646] [bmv2] [D] [thread 31382] [20.0] [cxt 0] Transmitting packet of size 70 out of port 0
[20:45:13.902] [bmv2] [D] [thread 31377] [21.0] [cxt 0] Processing packet received on port 1
[20:45:13.902] [bmv2] [D] [thread 31377] [21.0] [cxt 0] Parser 'parser': start
[20:45:13.902] [bmv2] [D] [thread 31377] [21.0] [cxt 0] Parser 'parser' entering state 'start'
[20:45:13.902] [bmv2] [D] [thread 31377] [21.0] [cxt 0] Extracting header 'ethernet'
[20:45:13.902] [bmv2] [D] [thread 31377] [21.0] [cxt 0] Parser state 'start': key is 86dd
[20:45:13.902] [bmv2] [T] [thread 31377] [21.0] [cxt 0] Bytes parsed: 14
[20:45:13.902] [bmv2] [D] [thread 31377] [21.0] [cxt 0] Parser 'parser': end
[20:45:13.902] [bmv2] [D] [thread 31377] [21.0] [cxt 0] Pipeline 'ingress': start
[20:45:13.902] [bmv2] [T] [thread 31377] [21.0] [cxt 0] ecn.p4(133) Condition "hdr.ipv4.isValid()" (node_2) is false
[20:45:13.902] [bmv2] [D] [thread 31377] [21.0] [cxt 0] Pipeline 'ingress': end
[20:45:13.902] [bmv2] [D] [thread 31377] [21.0] [cxt 0] Egress port is 0
[20:45:13.902] [bmv2] [D] [thread 31378] [21.0] [cxt 0] Pipeline 'egress': start
[20:45:13.902] [bmv2] [T] [thread 31378] [21.0] [cxt 0] ecn.p4(152) Condition "hdr.ipv4.ecn == 1 || hdr.ipv4.ecn == 2" (node_6) is false
[20:45:13.902] [bmv2] [T] [thread 31378] [21.0] [cxt 0] Applying table 'tbl_ecn162'
[20:45:13.902] [bmv2] [D] [thread 31378] [21.0] [cxt 0] Looking up key:

[20:45:13.902] [bmv2] [D] [thread 31378] [21.0] [cxt 0] Table 'tbl_ecn162': miss
[20:45:13.902] [bmv2] [D] [thread 31378] [21.0] [cxt 0] Action entry is ecn162 - 
[20:45:13.902] [bmv2] [T] [thread 31378] [21.0] [cxt 0] Action ecn162
[20:45:13.902] [bmv2] [T] [thread 31378] [21.0] [cxt 0] ecn.p4(162) Primitive source_ip_register.read(source_ip_register_value, 0)
[20:45:13.902] [bmv2] [T] [thread 31378] [21.0] [cxt 0] Read register 'MyEgress.source_ip_register' at index 0 read value 0
[20:45:13.902] [bmv2] [T] [thread 31378] [21.0] [cxt 0] ecn.p4(163) Primitive source_port_register.read(source_port_register_value, 0)
[20:45:13.902] [bmv2] [T] [thread 31378] [21.0] [cxt 0] Read register 'MyEgress.source_port_register' at index 0 read value 0
[20:45:13.902] [bmv2] [T] [thread 31378] [21.0] [cxt 0] ecn.p4(165) Condition "hdr.tcp.ctrl & 16 != 0 && hdr.ipv4.dstAddr == source_ip_register_value ..." (node_11) is false
[20:45:13.902] [bmv2] [T] [thread 31378] [21.0] [cxt 0] ecn.p4(171) Condition "hdr.tcp.ctrl & 16 != 0 && hdr.tcp.cwr == 1 && hdr.ipv4.srcAddr == source_ip_register_value" (node_13) is false
[20:45:13.902] [bmv2] [D] [thread 31378] [21.0] [cxt 0] Pipeline 'egress': end
[20:45:13.902] [bmv2] [D] [thread 31378] [21.0] [cxt 0] Deparser 'deparser': start
[20:45:13.902] [bmv2] [T] [thread 31378] [21.0] [cxt 0] Skipping checksum 'cksum' update because condition not met
[20:45:13.902] [bmv2] [D] [thread 31378] [21.0] [cxt 0] Deparsing header 'ethernet'
[20:45:13.902] [bmv2] [D] [thread 31378] [21.0] [cxt 0] Deparser 'deparser': end
[20:45:13.902] [bmv2] [D] [thread 31382] [21.0] [cxt 0] Transmitting packet of size 70 out of port 0
[20:45:14.668] [bmv2] [D] [thread 31377] [22.0] [cxt 0] Processing packet received on port 3
[20:45:14.668] [bmv2] [D] [thread 31377] [22.0] [cxt 0] Parser 'parser': start
[20:45:14.668] [bmv2] [D] [thread 31377] [22.0] [cxt 0] Parser 'parser' entering state 'start'
[20:45:14.668] [bmv2] [D] [thread 31377] [22.0] [cxt 0] Extracting header 'ethernet'
[20:45:14.668] [bmv2] [D] [thread 31377] [22.0] [cxt 0] Parser state 'start': key is 86dd
[20:45:14.668] [bmv2] [T] [thread 31377] [22.0] [cxt 0] Bytes parsed: 14
[20:45:14.668] [bmv2] [D] [thread 31377] [22.0] [cxt 0] Parser 'parser': end
[20:45:14.668] [bmv2] [D] [thread 31377] [22.0] [cxt 0] Pipeline 'ingress': start
[20:45:14.668] [bmv2] [T] [thread 31377] [22.0] [cxt 0] ecn.p4(133) Condition "hdr.ipv4.isValid()" (node_2) is false
[20:45:14.668] [bmv2] [D] [thread 31377] [22.0] [cxt 0] Pipeline 'ingress': end
[20:45:14.668] [bmv2] [D] [thread 31377] [22.0] [cxt 0] Egress port is 0
[20:45:14.668] [bmv2] [D] [thread 31378] [22.0] [cxt 0] Pipeline 'egress': start
[20:45:14.668] [bmv2] [T] [thread 31378] [22.0] [cxt 0] ecn.p4(152) Condition "hdr.ipv4.ecn == 1 || hdr.ipv4.ecn == 2" (node_6) is false
[20:45:14.668] [bmv2] [T] [thread 31378] [22.0] [cxt 0] Applying table 'tbl_ecn162'
[20:45:14.668] [bmv2] [D] [thread 31378] [22.0] [cxt 0] Looking up key:

[20:45:14.668] [bmv2] [D] [thread 31378] [22.0] [cxt 0] Table 'tbl_ecn162': miss
[20:45:14.668] [bmv2] [D] [thread 31378] [22.0] [cxt 0] Action entry is ecn162 - 
[20:45:14.668] [bmv2] [T] [thread 31378] [22.0] [cxt 0] Action ecn162
[20:45:14.668] [bmv2] [T] [thread 31378] [22.0] [cxt 0] ecn.p4(162) Primitive source_ip_register.read(source_ip_register_value, 0)
[20:45:14.668] [bmv2] [T] [thread 31378] [22.0] [cxt 0] Read register 'MyEgress.source_ip_register' at index 0 read value 0
[20:45:14.668] [bmv2] [T] [thread 31378] [22.0] [cxt 0] ecn.p4(163) Primitive source_port_register.read(source_port_register_value, 0)
[20:45:14.668] [bmv2] [T] [thread 31378] [22.0] [cxt 0] Read register 'MyEgress.source_port_register' at index 0 read value 0
[20:45:14.668] [bmv2] [T] [thread 31378] [22.0] [cxt 0] ecn.p4(165) Condition "hdr.tcp.ctrl & 16 != 0 && hdr.ipv4.dstAddr == source_ip_register_value ..." (node_11) is false
[20:45:14.668] [bmv2] [T] [thread 31378] [22.0] [cxt 0] ecn.p4(171) Condition "hdr.tcp.ctrl & 16 != 0 && hdr.tcp.cwr == 1 && hdr.ipv4.srcAddr == source_ip_register_value" (node_13) is false
[20:45:14.668] [bmv2] [D] [thread 31378] [22.0] [cxt 0] Pipeline 'egress': end
[20:45:14.668] [bmv2] [D] [thread 31378] [22.0] [cxt 0] Deparser 'deparser': start
[20:45:14.668] [bmv2] [T] [thread 31378] [22.0] [cxt 0] Skipping checksum 'cksum' update because condition not met
[20:45:14.668] [bmv2] [D] [thread 31378] [22.0] [cxt 0] Deparsing header 'ethernet'
[20:45:14.668] [bmv2] [D] [thread 31378] [22.0] [cxt 0] Deparser 'deparser': end
[20:45:14.668] [bmv2] [D] [thread 31382] [22.0] [cxt 0] Transmitting packet of size 70 out of port 0
[20:45:17.741] [bmv2] [D] [thread 31377] [23.0] [cxt 0] Processing packet received on port 2
[20:45:17.741] [bmv2] [D] [thread 31377] [23.0] [cxt 0] Parser 'parser': start
[20:45:17.741] [bmv2] [D] [thread 31377] [23.0] [cxt 0] Parser 'parser' entering state 'start'
[20:45:17.741] [bmv2] [D] [thread 31377] [23.0] [cxt 0] Extracting header 'ethernet'
[20:45:17.741] [bmv2] [D] [thread 31377] [23.0] [cxt 0] Parser state 'start': key is 86dd
[20:45:17.741] [bmv2] [T] [thread 31377] [23.0] [cxt 0] Bytes parsed: 14
[20:45:17.741] [bmv2] [D] [thread 31377] [23.0] [cxt 0] Parser 'parser': end
[20:45:17.741] [bmv2] [D] [thread 31377] [23.0] [cxt 0] Pipeline 'ingress': start
[20:45:17.741] [bmv2] [T] [thread 31377] [23.0] [cxt 0] ecn.p4(133) Condition "hdr.ipv4.isValid()" (node_2) is false
[20:45:17.741] [bmv2] [D] [thread 31377] [23.0] [cxt 0] Pipeline 'ingress': end
[20:45:17.741] [bmv2] [D] [thread 31377] [23.0] [cxt 0] Egress port is 0
[20:45:17.741] [bmv2] [D] [thread 31378] [23.0] [cxt 0] Pipeline 'egress': start
[20:45:17.741] [bmv2] [T] [thread 31378] [23.0] [cxt 0] ecn.p4(152) Condition "hdr.ipv4.ecn == 1 || hdr.ipv4.ecn == 2" (node_6) is false
[20:45:17.741] [bmv2] [T] [thread 31378] [23.0] [cxt 0] Applying table 'tbl_ecn162'
[20:45:17.741] [bmv2] [D] [thread 31378] [23.0] [cxt 0] Looking up key:

[20:45:17.741] [bmv2] [D] [thread 31378] [23.0] [cxt 0] Table 'tbl_ecn162': miss
[20:45:17.741] [bmv2] [D] [thread 31378] [23.0] [cxt 0] Action entry is ecn162 - 
[20:45:17.741] [bmv2] [T] [thread 31378] [23.0] [cxt 0] Action ecn162
[20:45:17.741] [bmv2] [T] [thread 31378] [23.0] [cxt 0] ecn.p4(162) Primitive source_ip_register.read(source_ip_register_value, 0)
[20:45:17.741] [bmv2] [T] [thread 31378] [23.0] [cxt 0] Read register 'MyEgress.source_ip_register' at index 0 read value 0
[20:45:17.741] [bmv2] [T] [thread 31378] [23.0] [cxt 0] ecn.p4(163) Primitive source_port_register.read(source_port_register_value, 0)
[20:45:17.741] [bmv2] [T] [thread 31378] [23.0] [cxt 0] Read register 'MyEgress.source_port_register' at index 0 read value 0
[20:45:17.741] [bmv2] [T] [thread 31378] [23.0] [cxt 0] ecn.p4(165) Condition "hdr.tcp.ctrl & 16 != 0 && hdr.ipv4.dstAddr == source_ip_register_value ..." (node_11) is false
[20:45:17.741] [bmv2] [T] [thread 31378] [23.0] [cxt 0] ecn.p4(171) Condition "hdr.tcp.ctrl & 16 != 0 && hdr.tcp.cwr == 1 && hdr.ipv4.srcAddr == source_ip_register_value" (node_13) is false
[20:45:17.741] [bmv2] [D] [thread 31378] [23.0] [cxt 0] Pipeline 'egress': end
[20:45:17.741] [bmv2] [D] [thread 31378] [23.0] [cxt 0] Deparser 'deparser': start
[20:45:17.741] [bmv2] [T] [thread 31378] [23.0] [cxt 0] Skipping checksum 'cksum' update because condition not met
[20:45:17.741] [bmv2] [D] [thread 31378] [23.0] [cxt 0] Deparsing header 'ethernet'
[20:45:17.741] [bmv2] [D] [thread 31378] [23.0] [cxt 0] Deparser 'deparser': end
[20:45:17.741] [bmv2] [D] [thread 31382] [23.0] [cxt 0] Transmitting packet of size 70 out of port 0
[20:45:19.789] [bmv2] [D] [thread 31377] [24.0] [cxt 0] Processing packet received on port 2
[20:45:19.789] [bmv2] [D] [thread 31377] [24.0] [cxt 0] Parser 'parser': start
[20:45:19.789] [bmv2] [D] [thread 31377] [24.0] [cxt 0] Parser 'parser' entering state 'start'
[20:45:19.789] [bmv2] [D] [thread 31377] [24.0] [cxt 0] Extracting header 'ethernet'
[20:45:19.789] [bmv2] [D] [thread 31377] [24.0] [cxt 0] Parser state 'start': key is 86dd
[20:45:19.789] [bmv2] [T] [thread 31377] [24.0] [cxt 0] Bytes parsed: 14
[20:45:19.789] [bmv2] [D] [thread 31377] [24.0] [cxt 0] Parser 'parser': end
[20:45:19.789] [bmv2] [D] [thread 31377] [24.0] [cxt 0] Pipeline 'ingress': start
[20:45:19.789] [bmv2] [T] [thread 31377] [24.0] [cxt 0] ecn.p4(133) Condition "hdr.ipv4.isValid()" (node_2) is false
[20:45:19.789] [bmv2] [D] [thread 31377] [24.0] [cxt 0] Pipeline 'ingress': end
[20:45:19.789] [bmv2] [D] [thread 31377] [24.0] [cxt 0] Egress port is 0
[20:45:19.789] [bmv2] [D] [thread 31378] [24.0] [cxt 0] Pipeline 'egress': start
[20:45:19.789] [bmv2] [T] [thread 31378] [24.0] [cxt 0] ecn.p4(152) Condition "hdr.ipv4.ecn == 1 || hdr.ipv4.ecn == 2" (node_6) is false
[20:45:19.789] [bmv2] [T] [thread 31378] [24.0] [cxt 0] Applying table 'tbl_ecn162'
[20:45:19.789] [bmv2] [D] [thread 31378] [24.0] [cxt 0] Looking up key:

[20:45:19.789] [bmv2] [D] [thread 31378] [24.0] [cxt 0] Table 'tbl_ecn162': miss
[20:45:19.789] [bmv2] [D] [thread 31378] [24.0] [cxt 0] Action entry is ecn162 - 
[20:45:19.789] [bmv2] [T] [thread 31378] [24.0] [cxt 0] Action ecn162
[20:45:19.789] [bmv2] [T] [thread 31378] [24.0] [cxt 0] ecn.p4(162) Primitive source_ip_register.read(source_ip_register_value, 0)
[20:45:19.789] [bmv2] [T] [thread 31378] [24.0] [cxt 0] Read register 'MyEgress.source_ip_register' at index 0 read value 0
[20:45:19.789] [bmv2] [T] [thread 31378] [24.0] [cxt 0] ecn.p4(163) Primitive source_port_register.read(source_port_register_value, 0)
[20:45:19.789] [bmv2] [T] [thread 31378] [24.0] [cxt 0] Read register 'MyEgress.source_port_register' at index 0 read value 0
[20:45:19.789] [bmv2] [T] [thread 31378] [24.0] [cxt 0] ecn.p4(165) Condition "hdr.tcp.ctrl & 16 != 0 && hdr.ipv4.dstAddr == source_ip_register_value ..." (node_11) is false
[20:45:19.789] [bmv2] [T] [thread 31378] [24.0] [cxt 0] ecn.p4(171) Condition "hdr.tcp.ctrl & 16 != 0 && hdr.tcp.cwr == 1 && hdr.ipv4.srcAddr == source_ip_register_value" (node_13) is false
[20:45:19.789] [bmv2] [D] [thread 31378] [24.0] [cxt 0] Pipeline 'egress': end
[20:45:19.789] [bmv2] [D] [thread 31378] [24.0] [cxt 0] Deparser 'deparser': start
[20:45:19.789] [bmv2] [T] [thread 31378] [24.0] [cxt 0] Skipping checksum 'cksum' update because condition not met
[20:45:19.789] [bmv2] [D] [thread 31378] [24.0] [cxt 0] Deparsing header 'ethernet'
[20:45:19.789] [bmv2] [D] [thread 31378] [24.0] [cxt 0] Deparser 'deparser': end
[20:45:19.789] [bmv2] [D] [thread 31382] [24.0] [cxt 0] Transmitting packet of size 70 out of port 0
[20:45:42.316] [bmv2] [D] [thread 31377] [25.0] [cxt 0] Processing packet received on port 3
[20:45:42.316] [bmv2] [D] [thread 31377] [25.0] [cxt 0] Parser 'parser': start
[20:45:42.316] [bmv2] [D] [thread 31377] [25.0] [cxt 0] Parser 'parser' entering state 'start'
[20:45:42.316] [bmv2] [D] [thread 31377] [25.0] [cxt 0] Extracting header 'ethernet'
[20:45:42.316] [bmv2] [D] [thread 31377] [25.0] [cxt 0] Parser state 'start': key is 86dd
[20:45:42.316] [bmv2] [T] [thread 31377] [25.0] [cxt 0] Bytes parsed: 14
[20:45:42.316] [bmv2] [D] [thread 31377] [25.0] [cxt 0] Parser 'parser': end
[20:45:42.316] [bmv2] [D] [thread 31377] [25.0] [cxt 0] Pipeline 'ingress': start
[20:45:42.316] [bmv2] [T] [thread 31377] [25.0] [cxt 0] ecn.p4(133) Condition "hdr.ipv4.isValid()" (node_2) is false
[20:45:42.316] [bmv2] [D] [thread 31377] [25.0] [cxt 0] Pipeline 'ingress': end
[20:45:42.316] [bmv2] [D] [thread 31377] [25.0] [cxt 0] Egress port is 0
[20:45:42.316] [bmv2] [D] [thread 31378] [25.0] [cxt 0] Pipeline 'egress': start
[20:45:42.316] [bmv2] [T] [thread 31378] [25.0] [cxt 0] ecn.p4(152) Condition "hdr.ipv4.ecn == 1 || hdr.ipv4.ecn == 2" (node_6) is false
[20:45:42.316] [bmv2] [T] [thread 31378] [25.0] [cxt 0] Applying table 'tbl_ecn162'
[20:45:42.316] [bmv2] [D] [thread 31378] [25.0] [cxt 0] Looking up key:

[20:45:42.316] [bmv2] [D] [thread 31378] [25.0] [cxt 0] Table 'tbl_ecn162': miss
[20:45:42.316] [bmv2] [D] [thread 31378] [25.0] [cxt 0] Action entry is ecn162 - 
[20:45:42.316] [bmv2] [T] [thread 31378] [25.0] [cxt 0] Action ecn162
[20:45:42.316] [bmv2] [T] [thread 31378] [25.0] [cxt 0] ecn.p4(162) Primitive source_ip_register.read(source_ip_register_value, 0)
[20:45:42.316] [bmv2] [T] [thread 31378] [25.0] [cxt 0] Read register 'MyEgress.source_ip_register' at index 0 read value 0
[20:45:42.316] [bmv2] [T] [thread 31378] [25.0] [cxt 0] ecn.p4(163) Primitive source_port_register.read(source_port_register_value, 0)
[20:45:42.316] [bmv2] [T] [thread 31378] [25.0] [cxt 0] Read register 'MyEgress.source_port_register' at index 0 read value 0
[20:45:42.316] [bmv2] [T] [thread 31378] [25.0] [cxt 0] ecn.p4(165) Condition "hdr.tcp.ctrl & 16 != 0 && hdr.ipv4.dstAddr == source_ip_register_value ..." (node_11) is false
[20:45:42.316] [bmv2] [T] [thread 31378] [25.0] [cxt 0] ecn.p4(171) Condition "hdr.tcp.ctrl & 16 != 0 && hdr.tcp.cwr == 1 && hdr.ipv4.srcAddr == source_ip_register_value" (node_13) is false
[20:45:42.316] [bmv2] [D] [thread 31378] [25.0] [cxt 0] Pipeline 'egress': end
[20:45:42.316] [bmv2] [D] [thread 31378] [25.0] [cxt 0] Deparser 'deparser': start
[20:45:42.316] [bmv2] [T] [thread 31378] [25.0] [cxt 0] Skipping checksum 'cksum' update because condition not met
[20:45:42.316] [bmv2] [D] [thread 31378] [25.0] [cxt 0] Deparsing header 'ethernet'
[20:45:42.316] [bmv2] [D] [thread 31378] [25.0] [cxt 0] Deparser 'deparser': end
[20:45:42.316] [bmv2] [D] [thread 31382] [25.0] [cxt 0] Transmitting packet of size 70 out of port 0
[20:45:46.412] [bmv2] [D] [thread 31377] [26.0] [cxt 0] Processing packet received on port 1
[20:45:46.412] [bmv2] [D] [thread 31377] [26.0] [cxt 0] Parser 'parser': start
[20:45:46.412] [bmv2] [D] [thread 31377] [26.0] [cxt 0] Parser 'parser' entering state 'start'
[20:45:46.412] [bmv2] [D] [thread 31377] [26.0] [cxt 0] Extracting header 'ethernet'
[20:45:46.412] [bmv2] [D] [thread 31377] [26.0] [cxt 0] Parser state 'start': key is 86dd
[20:45:46.412] [bmv2] [T] [thread 31377] [26.0] [cxt 0] Bytes parsed: 14
[20:45:46.412] [bmv2] [D] [thread 31377] [26.0] [cxt 0] Parser 'parser': end
[20:45:46.412] [bmv2] [D] [thread 31377] [26.0] [cxt 0] Pipeline 'ingress': start
[20:45:46.412] [bmv2] [T] [thread 31377] [26.0] [cxt 0] ecn.p4(133) Condition "hdr.ipv4.isValid()" (node_2) is false
[20:45:46.412] [bmv2] [D] [thread 31377] [26.0] [cxt 0] Pipeline 'ingress': end
[20:45:46.412] [bmv2] [D] [thread 31377] [26.0] [cxt 0] Egress port is 0
[20:45:46.412] [bmv2] [D] [thread 31377] [27.0] [cxt 0] Processing packet received on port 3
[20:45:46.412] [bmv2] [D] [thread 31377] [27.0] [cxt 0] Parser 'parser': start
[20:45:46.412] [bmv2] [D] [thread 31377] [27.0] [cxt 0] Parser 'parser' entering state 'start'
[20:45:46.412] [bmv2] [D] [thread 31377] [27.0] [cxt 0] Extracting header 'ethernet'
[20:45:46.412] [bmv2] [D] [thread 31377] [27.0] [cxt 0] Parser state 'start': key is 86dd
[20:45:46.412] [bmv2] [T] [thread 31377] [27.0] [cxt 0] Bytes parsed: 14
[20:45:46.412] [bmv2] [D] [thread 31377] [27.0] [cxt 0] Parser 'parser': end
[20:45:46.412] [bmv2] [D] [thread 31377] [27.0] [cxt 0] Pipeline 'ingress': start
[20:45:46.412] [bmv2] [T] [thread 31377] [27.0] [cxt 0] ecn.p4(133) Condition "hdr.ipv4.isValid()" (node_2) is false
[20:45:46.412] [bmv2] [D] [thread 31377] [27.0] [cxt 0] Pipeline 'ingress': end
[20:45:46.412] [bmv2] [D] [thread 31377] [27.0] [cxt 0] Egress port is 0
[20:45:46.412] [bmv2] [D] [thread 31378] [26.0] [cxt 0] Pipeline 'egress': start
[20:45:46.412] [bmv2] [T] [thread 31378] [26.0] [cxt 0] ecn.p4(152) Condition "hdr.ipv4.ecn == 1 || hdr.ipv4.ecn == 2" (node_6) is false
[20:45:46.412] [bmv2] [T] [thread 31378] [26.0] [cxt 0] Applying table 'tbl_ecn162'
[20:45:46.412] [bmv2] [D] [thread 31378] [26.0] [cxt 0] Looking up key:

[20:45:46.412] [bmv2] [D] [thread 31378] [26.0] [cxt 0] Table 'tbl_ecn162': miss
[20:45:46.412] [bmv2] [D] [thread 31378] [26.0] [cxt 0] Action entry is ecn162 - 
[20:45:46.412] [bmv2] [T] [thread 31378] [26.0] [cxt 0] Action ecn162
[20:45:46.412] [bmv2] [T] [thread 31378] [26.0] [cxt 0] ecn.p4(162) Primitive source_ip_register.read(source_ip_register_value, 0)
[20:45:46.412] [bmv2] [T] [thread 31378] [26.0] [cxt 0] Read register 'MyEgress.source_ip_register' at index 0 read value 0
[20:45:46.412] [bmv2] [T] [thread 31378] [26.0] [cxt 0] ecn.p4(163) Primitive source_port_register.read(source_port_register_value, 0)
[20:45:46.412] [bmv2] [T] [thread 31378] [26.0] [cxt 0] Read register 'MyEgress.source_port_register' at index 0 read value 0
[20:45:46.412] [bmv2] [T] [thread 31378] [26.0] [cxt 0] ecn.p4(165) Condition "hdr.tcp.ctrl & 16 != 0 && hdr.ipv4.dstAddr == source_ip_register_value ..." (node_11) is false
[20:45:46.412] [bmv2] [T] [thread 31378] [26.0] [cxt 0] ecn.p4(171) Condition "hdr.tcp.ctrl & 16 != 0 && hdr.tcp.cwr == 1 && hdr.ipv4.srcAddr == source_ip_register_value" (node_13) is false
[20:45:46.412] [bmv2] [D] [thread 31378] [26.0] [cxt 0] Pipeline 'egress': end
[20:45:46.412] [bmv2] [D] [thread 31378] [26.0] [cxt 0] Deparser 'deparser': start
[20:45:46.412] [bmv2] [T] [thread 31378] [26.0] [cxt 0] Skipping checksum 'cksum' update because condition not met
[20:45:46.412] [bmv2] [D] [thread 31378] [26.0] [cxt 0] Deparsing header 'ethernet'
[20:45:46.412] [bmv2] [D] [thread 31378] [26.0] [cxt 0] Deparser 'deparser': end
[20:45:46.412] [bmv2] [D] [thread 31378] [27.0] [cxt 0] Pipeline 'egress': start
[20:45:46.412] [bmv2] [T] [thread 31378] [27.0] [cxt 0] ecn.p4(152) Condition "hdr.ipv4.ecn == 1 || hdr.ipv4.ecn == 2" (node_6) is false
[20:45:46.412] [bmv2] [T] [thread 31378] [27.0] [cxt 0] Applying table 'tbl_ecn162'
[20:45:46.412] [bmv2] [D] [thread 31378] [27.0] [cxt 0] Looking up key:

[20:45:46.412] [bmv2] [D] [thread 31378] [27.0] [cxt 0] Table 'tbl_ecn162': miss
[20:45:46.412] [bmv2] [D] [thread 31378] [27.0] [cxt 0] Action entry is ecn162 - 
[20:45:46.412] [bmv2] [T] [thread 31378] [27.0] [cxt 0] Action ecn162
[20:45:46.412] [bmv2] [T] [thread 31378] [27.0] [cxt 0] ecn.p4(162) Primitive source_ip_register.read(source_ip_register_value, 0)
[20:45:46.412] [bmv2] [D] [thread 31382] [26.0] [cxt 0] Transmitting packet of size 70 out of port 0
[20:45:46.412] [bmv2] [T] [thread 31378] [27.0] [cxt 0] Read register 'MyEgress.source_ip_register' at index 0 read value 0
[20:45:46.412] [bmv2] [T] [thread 31378] [27.0] [cxt 0] ecn.p4(163) Primitive source_port_register.read(source_port_register_value, 0)
[20:45:46.412] [bmv2] [T] [thread 31378] [27.0] [cxt 0] Read register 'MyEgress.source_port_register' at index 0 read value 0
[20:45:46.412] [bmv2] [T] [thread 31378] [27.0] [cxt 0] ecn.p4(165) Condition "hdr.tcp.ctrl & 16 != 0 && hdr.ipv4.dstAddr == source_ip_register_value ..." (node_11) is false
[20:45:46.412] [bmv2] [T] [thread 31378] [27.0] [cxt 0] ecn.p4(171) Condition "hdr.tcp.ctrl & 16 != 0 && hdr.tcp.cwr == 1 && hdr.ipv4.srcAddr == source_ip_register_value" (node_13) is false
[20:45:46.412] [bmv2] [D] [thread 31378] [27.0] [cxt 0] Pipeline 'egress': end
[20:45:46.412] [bmv2] [D] [thread 31378] [27.0] [cxt 0] Deparser 'deparser': start
[20:45:46.412] [bmv2] [T] [thread 31378] [27.0] [cxt 0] Skipping checksum 'cksum' update because condition not met
[20:45:46.412] [bmv2] [D] [thread 31378] [27.0] [cxt 0] Deparsing header 'ethernet'
[20:45:46.412] [bmv2] [D] [thread 31378] [27.0] [cxt 0] Deparser 'deparser': end
[20:45:46.412] [bmv2] [D] [thread 31382] [27.0] [cxt 0] Transmitting packet of size 70 out of port 0
[20:45:52.557] [bmv2] [D] [thread 31377] [28.0] [cxt 0] Processing packet received on port 2
[20:45:52.557] [bmv2] [D] [thread 31377] [28.0] [cxt 0] Parser 'parser': start
[20:45:52.557] [bmv2] [D] [thread 31377] [28.0] [cxt 0] Parser 'parser' entering state 'start'
[20:45:52.557] [bmv2] [D] [thread 31377] [28.0] [cxt 0] Extracting header 'ethernet'
[20:45:52.557] [bmv2] [D] [thread 31377] [28.0] [cxt 0] Parser state 'start': key is 86dd
[20:45:52.557] [bmv2] [T] [thread 31377] [28.0] [cxt 0] Bytes parsed: 14
[20:45:52.557] [bmv2] [D] [thread 31377] [28.0] [cxt 0] Parser 'parser': end
[20:45:52.557] [bmv2] [D] [thread 31377] [28.0] [cxt 0] Pipeline 'ingress': start
[20:45:52.557] [bmv2] [T] [thread 31377] [28.0] [cxt 0] ecn.p4(133) Condition "hdr.ipv4.isValid()" (node_2) is false
[20:45:52.557] [bmv2] [D] [thread 31377] [28.0] [cxt 0] Pipeline 'ingress': end
[20:45:52.557] [bmv2] [D] [thread 31377] [28.0] [cxt 0] Egress port is 0
[20:45:52.557] [bmv2] [D] [thread 31378] [28.0] [cxt 0] Pipeline 'egress': start
[20:45:52.557] [bmv2] [T] [thread 31378] [28.0] [cxt 0] ecn.p4(152) Condition "hdr.ipv4.ecn == 1 || hdr.ipv4.ecn == 2" (node_6) is false
[20:45:52.557] [bmv2] [T] [thread 31378] [28.0] [cxt 0] Applying table 'tbl_ecn162'
[20:45:52.557] [bmv2] [D] [thread 31378] [28.0] [cxt 0] Looking up key:

[20:45:52.557] [bmv2] [D] [thread 31378] [28.0] [cxt 0] Table 'tbl_ecn162': miss
[20:45:52.557] [bmv2] [D] [thread 31378] [28.0] [cxt 0] Action entry is ecn162 - 
[20:45:52.557] [bmv2] [T] [thread 31378] [28.0] [cxt 0] Action ecn162
[20:45:52.557] [bmv2] [T] [thread 31378] [28.0] [cxt 0] ecn.p4(162) Primitive source_ip_register.read(source_ip_register_value, 0)
[20:45:52.557] [bmv2] [T] [thread 31378] [28.0] [cxt 0] Read register 'MyEgress.source_ip_register' at index 0 read value 0
[20:45:52.557] [bmv2] [T] [thread 31378] [28.0] [cxt 0] ecn.p4(163) Primitive source_port_register.read(source_port_register_value, 0)
[20:45:52.557] [bmv2] [T] [thread 31378] [28.0] [cxt 0] Read register 'MyEgress.source_port_register' at index 0 read value 0
[20:45:52.557] [bmv2] [T] [thread 31378] [28.0] [cxt 0] ecn.p4(165) Condition "hdr.tcp.ctrl & 16 != 0 && hdr.ipv4.dstAddr == source_ip_register_value ..." (node_11) is false
[20:45:52.557] [bmv2] [T] [thread 31378] [28.0] [cxt 0] ecn.p4(171) Condition "hdr.tcp.ctrl & 16 != 0 && hdr.tcp.cwr == 1 && hdr.ipv4.srcAddr == source_ip_register_value" (node_13) is false
[20:45:52.557] [bmv2] [D] [thread 31378] [28.0] [cxt 0] Pipeline 'egress': end
[20:45:52.557] [bmv2] [D] [thread 31378] [28.0] [cxt 0] Deparser 'deparser': start
[20:45:52.557] [bmv2] [T] [thread 31378] [28.0] [cxt 0] Skipping checksum 'cksum' update because condition not met
[20:45:52.557] [bmv2] [D] [thread 31378] [28.0] [cxt 0] Deparsing header 'ethernet'
[20:45:52.557] [bmv2] [D] [thread 31378] [28.0] [cxt 0] Deparser 'deparser': end
[20:45:52.557] [bmv2] [D] [thread 31382] [28.0] [cxt 0] Transmitting packet of size 70 out of port 0
[20:45:56.651] [bmv2] [D] [thread 31377] [29.0] [cxt 0] Processing packet received on port 2
[20:45:56.651] [bmv2] [D] [thread 31377] [29.0] [cxt 0] Parser 'parser': start
[20:45:56.651] [bmv2] [D] [thread 31377] [29.0] [cxt 0] Parser 'parser' entering state 'start'
[20:45:56.651] [bmv2] [D] [thread 31377] [29.0] [cxt 0] Extracting header 'ethernet'
[20:45:56.651] [bmv2] [D] [thread 31377] [29.0] [cxt 0] Parser state 'start': key is 86dd
[20:45:56.651] [bmv2] [T] [thread 31377] [29.0] [cxt 0] Bytes parsed: 14
[20:45:56.651] [bmv2] [D] [thread 31377] [29.0] [cxt 0] Parser 'parser': end
[20:45:56.651] [bmv2] [D] [thread 31377] [29.0] [cxt 0] Pipeline 'ingress': start
[20:45:56.651] [bmv2] [T] [thread 31377] [29.0] [cxt 0] ecn.p4(133) Condition "hdr.ipv4.isValid()" (node_2) is false
[20:45:56.651] [bmv2] [D] [thread 31377] [29.0] [cxt 0] Pipeline 'ingress': end
[20:45:56.651] [bmv2] [D] [thread 31377] [29.0] [cxt 0] Egress port is 0
[20:45:56.651] [bmv2] [D] [thread 31378] [29.0] [cxt 0] Pipeline 'egress': start
[20:45:56.651] [bmv2] [T] [thread 31378] [29.0] [cxt 0] ecn.p4(152) Condition "hdr.ipv4.ecn == 1 || hdr.ipv4.ecn == 2" (node_6) is false
[20:45:56.651] [bmv2] [T] [thread 31378] [29.0] [cxt 0] Applying table 'tbl_ecn162'
[20:45:56.651] [bmv2] [D] [thread 31378] [29.0] [cxt 0] Looking up key:

[20:45:56.651] [bmv2] [D] [thread 31378] [29.0] [cxt 0] Table 'tbl_ecn162': miss
[20:45:56.651] [bmv2] [D] [thread 31378] [29.0] [cxt 0] Action entry is ecn162 - 
[20:45:56.651] [bmv2] [T] [thread 31378] [29.0] [cxt 0] Action ecn162
[20:45:56.651] [bmv2] [T] [thread 31378] [29.0] [cxt 0] ecn.p4(162) Primitive source_ip_register.read(source_ip_register_value, 0)
[20:45:56.651] [bmv2] [T] [thread 31378] [29.0] [cxt 0] Read register 'MyEgress.source_ip_register' at index 0 read value 0
[20:45:56.651] [bmv2] [T] [thread 31378] [29.0] [cxt 0] ecn.p4(163) Primitive source_port_register.read(source_port_register_value, 0)
[20:45:56.651] [bmv2] [T] [thread 31378] [29.0] [cxt 0] Read register 'MyEgress.source_port_register' at index 0 read value 0
[20:45:56.651] [bmv2] [T] [thread 31378] [29.0] [cxt 0] ecn.p4(165) Condition "hdr.tcp.ctrl & 16 != 0 && hdr.ipv4.dstAddr == source_ip_register_value ..." (node_11) is false
[20:45:56.651] [bmv2] [T] [thread 31378] [29.0] [cxt 0] ecn.p4(171) Condition "hdr.tcp.ctrl & 16 != 0 && hdr.tcp.cwr == 1 && hdr.ipv4.srcAddr == source_ip_register_value" (node_13) is false
[20:45:56.651] [bmv2] [D] [thread 31378] [29.0] [cxt 0] Pipeline 'egress': end
[20:45:56.651] [bmv2] [D] [thread 31378] [29.0] [cxt 0] Deparser 'deparser': start
[20:45:56.651] [bmv2] [T] [thread 31378] [29.0] [cxt 0] Skipping checksum 'cksum' update because condition not met
[20:45:56.651] [bmv2] [D] [thread 31378] [29.0] [cxt 0] Deparsing header 'ethernet'
[20:45:56.651] [bmv2] [D] [thread 31378] [29.0] [cxt 0] Deparser 'deparser': end
[20:45:56.651] [bmv2] [D] [thread 31382] [29.0] [cxt 0] Transmitting packet of size 70 out of port 0
open: No such file or directory
open: No such file or directory
open: No such file or directory
open: No such file or directory
open: No such file or directory
open: No such file or directory
open: No such file or directory
